<?xml version="1.0" encoding="utf-8"?>
<CoverageSession xmlns:xsd="http://www.w3.org/2001/XMLSchema" xmlns:xsi="http://www.w3.org/2001/XMLSchema-instance">
  <Summary numSequencePoints="852" visitedSequencePoints="636" numBranchPoints="229" visitedBranchPoints="117" sequenceCoverage="74.65" branchCoverage="51.09" maxCyclomaticComplexity="7" minCyclomaticComplexity="1" visitedClasses="9" numClasses="17" visitedMethods="71" numMethods="123" />
  <Modules>
    <Module skippedDueTo="Filter" hash="E9-A8-6A-CC-31-FF-25-91-E6-86-F2-D5-72-EE-77-7D-AB-36-F0-0B">
      <FullName>C:\Windows\Microsoft.Net\assembly\GAC_32\mscorlib\v4.0_4.0.0.0__b77a5c561934e089\mscorlib.dll</FullName>
      <ModuleName>mscorlib</ModuleName>
      <Classes />
    </Module>
    <Module skippedDueTo="MissingPdb" hash="51-57-32-32-3A-99-BE-2D-0F-55-8E-53-39-A1-87-44-A4-8F-7F-96">
      <FullName>C:\Program Files (x86)\Microsoft Visual Studio 12.0\Common7\IDE\MSTest.exe</FullName>
      <ModuleName>MSTest</ModuleName>
      <Classes />
    </Module>
    <Module skippedDueTo="MissingPdb" hash="10-BE-EA-30-C3-00-88-66-22-63-D4-22-A3-D9-F5-78-73-56-91-07">
      <FullName>C:\Windows\assembly\GAC_MSIL\Microsoft.VisualStudio.QualityTools.Common\12.0.0.0__b03f5f7f11d50a3a\Microsoft.VisualStudio.QualityTools.Common.dll</FullName>
      <ModuleName>Microsoft.VisualStudio.QualityTools.Common</ModuleName>
      <Classes />
    </Module>
    <Module skippedDueTo="Filter" hash="38-4A-D4-CE-0C-44-E3-14-2E-0C-38-16-21-36-08-FC-9E-19-4A-F0">
      <FullName>C:\Windows\Microsoft.Net\assembly\GAC_MSIL\System\v4.0_4.0.0.0__b77a5c561934e089\System.dll</FullName>
      <ModuleName>System</ModuleName>
      <Classes />
    </Module>
    <Module skippedDueTo="MissingPdb" hash="6C-F3-21-D3-55-B9-65-8F-79-5C-94-83-2B-55-5B-61-F1-44-E2-3D">
      <FullName>C:\Windows\assembly\GAC_MSIL\Microsoft.VisualStudio.QualityTools.ExecutionCommon\12.0.0.0__b03f5f7f11d50a3a\Microsoft.VisualStudio.QualityTools.ExecutionCommon.dll</FullName>
      <ModuleName>Microsoft.VisualStudio.QualityTools.ExecutionCommon</ModuleName>
      <Classes />
    </Module>
    <Module skippedDueTo="MissingPdb" hash="14-3D-05-8D-99-D4-2A-75-D3-21-57-04-93-CD-3F-7B-76-07-28-5E">
      <FullName>C:\Windows\assembly\GAC_MSIL\Microsoft.VisualStudio.QualityTools.Resource\12.0.0.0__b03f5f7f11d50a3a\Microsoft.VisualStudio.QualityTools.Resource.dll</FullName>
      <ModuleName>Microsoft.VisualStudio.QualityTools.Resource</ModuleName>
      <Classes />
    </Module>
    <Module skippedDueTo="Filter" hash="8F-6E-E8-4F-40-6A-75-31-1B-08-C2-22-D5-EA-FE-23-3B-7B-82-15">
      <FullName>C:\Windows\Microsoft.Net\assembly\GAC_MSIL\System.Configuration\v4.0_4.0.0.0__b03f5f7f11d50a3a\System.Configuration.dll</FullName>
      <ModuleName>System.Configuration</ModuleName>
      <Classes />
    </Module>
    <Module skippedDueTo="Filter" hash="36-6D-BE-CC-C6-8D-5C-6B-D8-CE-E3-42-E9-1D-D1-3D-6E-FD-D9-5C">
      <FullName>C:\Windows\Microsoft.Net\assembly\GAC_MSIL\System.Xml\v4.0_4.0.0.0__b77a5c561934e089\System.Xml.dll</FullName>
      <ModuleName>System.Xml</ModuleName>
      <Classes />
    </Module>
    <Module skippedDueTo="MissingPdb" hash="25-DB-39-AF-D2-EF-C6-D7-46-FB-43-4E-6D-00-CA-60-D2-BC-73-4C">
      <FullName>C:\Windows\Microsoft.Net\assembly\GAC_MSIL\Microsoft.VisualStudio.QualityTools.CommandLine\v4.0_12.0.0.0__b03f5f7f11d50a3a\Microsoft.VisualStudio.QualityTools.CommandLine.dll</FullName>
      <ModuleName>Microsoft.VisualStudio.QualityTools.CommandLine</ModuleName>
      <Classes />
    </Module>
    <Module skippedDueTo="MissingPdb" hash="47-B9-B9-D0-CE-08-BD-2E-D8-CD-8B-08-60-27-F1-A1-4B-22-F1-06">
      <FullName>C:\Windows\assembly\GAC_MSIL\Microsoft.VisualStudio.QualityTools.TMI\12.0.0.0__b03f5f7f11d50a3a\Microsoft.VisualStudio.QualityTools.TMI.dll</FullName>
      <ModuleName>Microsoft.VisualStudio.QualityTools.TMI</ModuleName>
      <Classes />
    </Module>
    <Module skippedDueTo="Filter" hash="83-92-A6-61-AB-24-2D-60-6E-B3-F0-4C-6A-F3-38-AF-4E-6E-B8-30">
      <FullName>C:\Windows\Microsoft.Net\assembly\GAC_32\System.Data\v4.0_4.0.0.0__b77a5c561934e089\System.Data.dll</FullName>
      <ModuleName>System.Data</ModuleName>
      <Classes />
    </Module>
    <Module skippedDueTo="Filter" hash="5F-95-A9-21-AF-EF-CF-27-26-37-79-95-73-81-7A-A3-5F-E6-5D-E7">
      <FullName>C:\Windows\Microsoft.Net\assembly\GAC_MSIL\System.Numerics\v4.0_4.0.0.0__b77a5c561934e089\System.Numerics.dll</FullName>
      <ModuleName>System.Numerics</ModuleName>
      <Classes />
    </Module>
    <Module skippedDueTo="Filter" hash="58-B6-66-AA-65-AF-CD-BB-16-83-E4-24-73-BE-5A-3A-4D-0E-85-E6">
      <FullName>C:\Windows\Microsoft.Net\assembly\GAC_32\System.Web\v4.0_4.0.0.0__b03f5f7f11d50a3a\System.Web.dll</FullName>
      <ModuleName>System.Web</ModuleName>
      <Classes />
    </Module>
    <Module skippedDueTo="Filter" hash="F0-AC-29-46-F9-CE-FF-96-AE-EE-4F-C0-DE-9E-59-D3-7E-1B-ED-08">
      <FullName>C:\Windows\Microsoft.Net\assembly\GAC_MSIL\System.Core\v4.0_4.0.0.0__b77a5c561934e089\System.Core.dll</FullName>
      <ModuleName>System.Core</ModuleName>
      <Classes />
    </Module>
    <Module skippedDueTo="MissingPdb" hash="B8-BD-0B-9C-FE-40-35-92-D1-0C-F8-1C-06-DF-75-D9-6D-4E-B5-9F">
      <FullName>C:\Windows\assembly\GAC_MSIL\Microsoft.VisualStudio.QualityTools.Tips.UnitTest.Tip\12.0.0.0__b03f5f7f11d50a3a\Microsoft.VisualStudio.QualityTools.Tips.UnitTest.Tip.dll</FullName>
      <ModuleName>Microsoft.VisualStudio.QualityTools.Tips.UnitTest.Tip</ModuleName>
      <Classes />
    </Module>
    <Module skippedDueTo="MissingPdb" hash="80-91-7B-77-89-19-B3-0A-B9-FD-35-76-4A-23-60-1A-8D-35-58-07">
      <FullName>C:\Windows\assembly\GAC_MSIL\Microsoft.VisualStudio.QualityTools.Tips.UnitTest.ObjectModel\12.0.0.0__b03f5f7f11d50a3a\Microsoft.VisualStudio.QualityTools.Tips.UnitTest.ObjectModel.dll</FullName>
      <ModuleName>Microsoft.VisualStudio.QualityTools.Tips.UnitTest.ObjectModel</ModuleName>
      <Classes />
    </Module>
    <Module skippedDueTo="MissingPdb" hash="B6-BE-C7-09-6A-69-79-02-C4-B3-2E-2E-B9-3D-72-09-BB-84-01-6E">
      <FullName>C:\Windows\assembly\GAC_MSIL\Microsoft.VisualStudio.QualityTools.UnitTestFramework\10.0.0.0__b03f5f7f11d50a3a\Microsoft.VisualStudio.QualityTools.UnitTestFramework.dll</FullName>
      <ModuleName>Microsoft.VisualStudio.QualityTools.UnitTestFramework</ModuleName>
      <Classes />
    </Module>
    <Module skippedDueTo="MissingPdb" hash="91-A7-F9-01-20-FA-B7-30-6F-8D-00-4C-1E-EC-D4-8D-65-53-89-BC">
      <FullName>C:\Windows\assembly\GAC_MSIL\Microsoft.VisualStudio.QualityTools.Tips.UnitTest.AssemblyResolver\12.0.0.0__b03f5f7f11d50a3a\Microsoft.VisualStudio.QualityTools.Tips.UnitTest.AssemblyResolver.dll</FullName>
      <ModuleName>Microsoft.VisualStudio.QualityTools.Tips.UnitTest.AssemblyResolver</ModuleName>
      <Classes />
    </Module>
    <Module skippedDueTo="MissingPdb" hash="87-C9-BA-8D-5D-BC-48-A2-9A-EE-A2-4C-0D-24-85-14-7E-47-C9-50">
      <FullName>C:\Program Files (x86)\Microsoft Visual Studio 12.0\Common7\IDE\PrivateAssemblies\Microsoft.VisualStudio.TeamSystem.Licensing.dll</FullName>
      <ModuleName>Microsoft.VisualStudio.TeamSystem.Licensing</ModuleName>
      <Classes />
    </Module>
    <Module hash="9E-F2-3A-EA-2A-F9-E5-E5-AF-E9-3A-18-22-37-42-00-ED-AB-9E-86">
      <Summary numSequencePoints="412" visitedSequencePoints="412" numBranchPoints="66" visitedBranchPoints="53" sequenceCoverage="100" branchCoverage="80.30" maxCyclomaticComplexity="7" minCyclomaticComplexity="1" visitedClasses="3" numClasses="3" visitedMethods="40" numMethods="40" />
      <FullName>C:\Users\benjamin.bowes\Desktop\SoloProject\Budgie\BudgieUsersRepositoryTests\bin\debug\BudgieUsersRepositoryTests.dll</FullName>
      <ModuleName>BudgieUsersRepositoryTests</ModuleName>
      <Files>
        <File uid="1" fullPath="c:\Users\benjamin.bowes\Desktop\SoloProject\Budgie\BudgieUsersRepositoryTests\BURTests.cs" />
        <File uid="2" fullPath="c:\Users\benjamin.bowes\Desktop\SoloProject\Budgie\BudgieUsersRepositoryTests\ARTests.cs" />
        <File uid="3" fullPath="c:\Users\benjamin.bowes\Desktop\SoloProject\Budgie\BudgieUsersRepositoryTests\AccLogicTests.cs" />
      </Files>
      <Classes>
        <Class>
          <Summary numSequencePoints="0" visitedSequencePoints="0" numBranchPoints="0" visitedBranchPoints="0" sequenceCoverage="0" branchCoverage="0" maxCyclomaticComplexity="0" minCyclomaticComplexity="0" visitedClasses="0" numClasses="0" visitedMethods="0" numMethods="0" />
          <FullName>&lt;Module&gt;</FullName>
          <Methods />
        </Class>
        <Class>
          <Summary numSequencePoints="78" visitedSequencePoints="78" numBranchPoints="23" visitedBranchPoints="17" sequenceCoverage="100" branchCoverage="73.91" maxCyclomaticComplexity="7" minCyclomaticComplexity="1" visitedClasses="1" numClasses="1" visitedMethods="11" numMethods="11" />
          <FullName>BudgieEntityFramework.Tests.BURTests</FullName>
          <Methods>
            <Method visited="true" cyclomaticComplexity="1" sequenceCoverage="100" branchCoverage="100" isConstructor="false" isStatic="false" isGetter="false" isSetter="false">
              <Summary numSequencePoints="3" visitedSequencePoints="3" numBranchPoints="1" visitedBranchPoints="1" sequenceCoverage="100" branchCoverage="100" maxCyclomaticComplexity="1" minCyclomaticComplexity="1" visitedClasses="0" numClasses="0" visitedMethods="1" numMethods="1" />
              <MetadataToken>100663297</MetadataToken>
              <Name>System.Void BudgieEntityFramework.Tests.BURTests::Setup()</Name>
              <FileRef uid="1" />
              <SequencePoints>
                <SequencePoint vc="4" uspid="1" ordinal="0" offset="0" sl="18" sc="9" el="18" ec="10" bec="0" bev="0" fileid="1" />
                <SequencePoint vc="4" uspid="2" ordinal="1" offset="1" sl="19" sc="13" el="19" ec="55" bec="0" bev="0" fileid="1" />
                <SequencePoint vc="4" uspid="3" ordinal="2" offset="12" sl="20" sc="9" el="20" ec="10" bec="0" bev="0" fileid="1" />
              </SequencePoints>
              <BranchPoints />
              <MethodPoint xsi:type="SequencePoint" vc="4" uspid="1" ordinal="0" offset="0" sl="18" sc="9" el="18" ec="10" bec="0" bev="0" fileid="1" />
            </Method>
            <Method visited="true" cyclomaticComplexity="1" sequenceCoverage="100" branchCoverage="100" isConstructor="false" isStatic="false" isGetter="false" isSetter="false">
              <Summary numSequencePoints="16" visitedSequencePoints="16" numBranchPoints="1" visitedBranchPoints="1" sequenceCoverage="100" branchCoverage="100" maxCyclomaticComplexity="1" minCyclomaticComplexity="1" visitedClasses="0" numClasses="0" visitedMethods="1" numMethods="1" />
              <MetadataToken>100663298</MetadataToken>
              <Name>System.Void BudgieEntityFramework.Tests.BURTests::Test_GetAllBrokers_ReturnsAllBrokers()</Name>
              <FileRef uid="1" />
              <SequencePoints>
                <SequencePoint vc="1" uspid="4" ordinal="0" offset="0" sl="23" sc="9" el="23" ec="10" bec="0" bev="0" fileid="1" />
                <SequencePoint vc="1" uspid="5" ordinal="1" offset="1" sl="25" sc="13" el="25" ec="58" bec="0" bev="0" fileid="1" />
                <SequencePoint vc="1" uspid="6" ordinal="2" offset="7" sl="26" sc="13" el="26" ec="58" bec="0" bev="0" fileid="1" />
                <SequencePoint vc="1" uspid="7" ordinal="3" offset="13" sl="27" sc="13" el="27" ec="58" bec="0" bev="0" fileid="1" />
                <SequencePoint vc="1" uspid="8" ordinal="4" offset="19" sl="29" sc="13" el="36" ec="15" bec="0" bev="0" fileid="1" />
                <SequencePoint vc="1" uspid="9" ordinal="5" offset="71" sl="38" sc="13" el="44" ec="29" bec="0" bev="0" fileid="1" />
                <SequencePoint vc="1" uspid="10" ordinal="6" offset="129" sl="45" sc="13" el="45" ec="102" bec="0" bev="0" fileid="1" />
                <SequencePoint vc="1" uspid="11" ordinal="7" offset="223" sl="46" sc="13" el="46" ec="106" bec="0" bev="0" fileid="1" />
                <SequencePoint vc="1" uspid="12" ordinal="8" offset="317" sl="47" sc="13" el="47" ec="108" bec="0" bev="0" fileid="1" />
                <SequencePoint vc="1" uspid="13" ordinal="9" offset="411" sl="48" sc="13" el="48" ec="114" bec="0" bev="0" fileid="1" />
                <SequencePoint vc="1" uspid="14" ordinal="10" offset="523" sl="50" sc="13" el="50" ec="59" bec="0" bev="0" fileid="1" />
                <SequencePoint vc="1" uspid="15" ordinal="11" offset="530" sl="51" sc="13" el="51" ec="77" bec="0" bev="0" fileid="1" />
                <SequencePoint vc="1" uspid="16" ordinal="12" offset="619" sl="53" sc="13" el="53" ec="96" bec="0" bev="0" fileid="1" />
                <SequencePoint vc="1" uspid="17" ordinal="13" offset="633" sl="56" sc="13" el="56" ec="61" bec="0" bev="0" fileid="1" />
                <SequencePoint vc="1" uspid="18" ordinal="14" offset="642" sl="59" sc="13" el="59" ec="57" bec="0" bev="0" fileid="1" />
                <SequencePoint vc="1" uspid="19" ordinal="15" offset="651" sl="60" sc="9" el="60" ec="10" bec="0" bev="0" fileid="1" />
              </SequencePoints>
              <BranchPoints />
              <MethodPoint xsi:type="SequencePoint" vc="1" uspid="4" ordinal="0" offset="0" sl="23" sc="9" el="23" ec="10" bec="0" bev="0" fileid="1" />
            </Method>
            <Method visited="true" cyclomaticComplexity="1" sequenceCoverage="100" branchCoverage="100" isConstructor="false" isStatic="false" isGetter="false" isSetter="false">
              <Summary numSequencePoints="14" visitedSequencePoints="14" numBranchPoints="1" visitedBranchPoints="1" sequenceCoverage="100" branchCoverage="100" maxCyclomaticComplexity="1" minCyclomaticComplexity="1" visitedClasses="0" numClasses="0" visitedMethods="1" numMethods="1" />
              <MetadataToken>100663299</MetadataToken>
              <Name>System.Void BudgieEntityFramework.Tests.BURTests::Test_AddNewBudgieUser_CallsAddABudgieUserToDatabase_AndSavesChangesOnContext()</Name>
              <FileRef uid="1" />
              <SequencePoints>
                <SequencePoint vc="1" uspid="20" ordinal="0" offset="0" sl="64" sc="9" el="64" ec="10" bec="0" bev="0" fileid="1" />
                <SequencePoint vc="1" uspid="21" ordinal="1" offset="1" sl="66" sc="13" el="66" ec="58" bec="0" bev="0" fileid="1" />
                <SequencePoint vc="1" uspid="22" ordinal="2" offset="7" sl="68" sc="13" el="68" ec="65" bec="0" bev="0" fileid="1" />
                <SequencePoint vc="1" uspid="23" ordinal="3" offset="18" sl="69" sc="13" el="69" ec="102" bec="0" bev="0" fileid="1" />
                <SequencePoint vc="1" uspid="24" ordinal="4" offset="111" sl="70" sc="13" el="70" ec="106" bec="0" bev="0" fileid="1" />
                <SequencePoint vc="1" uspid="25" ordinal="5" offset="204" sl="71" sc="13" el="71" ec="108" bec="0" bev="0" fileid="1" />
                <SequencePoint vc="1" uspid="26" ordinal="6" offset="297" sl="72" sc="13" el="72" ec="114" bec="0" bev="0" fileid="1" />
                <SequencePoint vc="1" uspid="27" ordinal="7" offset="408" sl="74" sc="13" el="74" ec="59" bec="0" bev="0" fileid="1" />
                <SequencePoint vc="1" uspid="28" ordinal="8" offset="414" sl="75" sc="13" el="75" ec="77" bec="0" bev="0" fileid="1" />
                <SequencePoint vc="1" uspid="29" ordinal="9" offset="502" sl="77" sc="13" el="77" ec="96" bec="0" bev="0" fileid="1" />
                <SequencePoint vc="1" uspid="30" ordinal="10" offset="514" sl="80" sc="13" el="80" ec="56" bec="0" bev="0" fileid="1" />
                <SequencePoint vc="1" uspid="31" ordinal="11" offset="527" sl="83" sc="13" el="83" ec="78" bec="0" bev="0" fileid="1" />
                <SequencePoint vc="1" uspid="32" ordinal="12" offset="662" sl="84" sc="13" el="84" ec="66" bec="0" bev="0" fileid="1" />
                <SequencePoint vc="1" uspid="33" ordinal="13" offset="752" sl="85" sc="9" el="85" ec="10" bec="0" bev="0" fileid="1" />
              </SequencePoints>
              <BranchPoints />
              <MethodPoint xsi:type="SequencePoint" vc="1" uspid="20" ordinal="0" offset="0" sl="64" sc="9" el="64" ec="10" bec="0" bev="0" fileid="1" />
            </Method>
            <Method visited="true" cyclomaticComplexity="7" sequenceCoverage="100" branchCoverage="53.85" isConstructor="false" isStatic="false" isGetter="false" isSetter="false">
              <Summary numSequencePoints="22" visitedSequencePoints="22" numBranchPoints="13" visitedBranchPoints="7" sequenceCoverage="100" branchCoverage="53.85" maxCyclomaticComplexity="7" minCyclomaticComplexity="7" visitedClasses="0" numClasses="0" visitedMethods="1" numMethods="1" />
              <MetadataToken>100663300</MetadataToken>
              <Name>System.Void BudgieEntityFramework.Tests.BURTests::Test_UpdateBudgieUser_RunsUpdateBudgieUserToDatabase_AndSaveChangesOnContext()</Name>
              <FileRef uid="1" />
              <SequencePoints>
                <SequencePoint vc="1" uspid="34" ordinal="0" offset="0" sl="89" sc="9" el="89" ec="10" bec="0" bev="0" fileid="1" />
                <SequencePoint vc="1" uspid="35" ordinal="1" offset="1" sl="91" sc="13" el="91" ec="58" bec="0" bev="0" fileid="1" />
                <SequencePoint vc="1" uspid="36" ordinal="2" offset="7" sl="93" sc="13" el="93" ec="44" bec="0" bev="0" fileid="1" />
                <SequencePoint vc="1" uspid="37" ordinal="3" offset="85" sl="95" sc="13" el="95" ec="77" bec="0" bev="0" fileid="1" />
                <SequencePoint vc="1" uspid="38" ordinal="4" offset="114" sl="96" sc="13" el="96" ec="102" bec="0" bev="0" fileid="1" />
                <SequencePoint vc="1" uspid="39" ordinal="5" offset="207" sl="97" sc="13" el="97" ec="106" bec="0" bev="0" fileid="1" />
                <SequencePoint vc="1" uspid="40" ordinal="6" offset="300" sl="98" sc="13" el="98" ec="108" bec="0" bev="0" fileid="1" />
                <SequencePoint vc="1" uspid="41" ordinal="7" offset="393" sl="99" sc="13" el="99" ec="114" bec="0" bev="0" fileid="1" />
                <SequencePoint vc="1" uspid="42" ordinal="8" offset="504" sl="101" sc="13" el="101" ec="59" bec="0" bev="0" fileid="1" />
                <SequencePoint vc="1" uspid="43" ordinal="9" offset="510" sl="102" sc="13" el="102" ec="77" bec="0" bev="0" fileid="1" />
                <SequencePoint vc="1" uspid="44" ordinal="10" offset="598" sl="104" sc="13" el="104" ec="89" bec="0" bev="0" fileid="1" />
                <SequencePoint vc="1" uspid="45" ordinal="11" offset="610" sl="105" sc="13" el="105" ec="64" bec="0" bev="0" fileid="1" />
                <SequencePoint vc="1" uspid="46" ordinal="12" offset="782" sl="108" sc="13" el="108" ec="64" bec="2" bev="1" fileid="1" />
                <SequencePoint vc="1" uspid="47" ordinal="13" offset="825" sl="109" sc="13" el="109" ec="65" bec="2" bev="1" fileid="1" />
                <SequencePoint vc="1" uspid="48" ordinal="14" offset="868" sl="110" sc="13" el="110" ec="61" bec="2" bev="1" fileid="1" />
                <SequencePoint vc="1" uspid="49" ordinal="15" offset="911" sl="113" sc="13" el="113" ec="67" bec="0" bev="0" fileid="1" />
                <SequencePoint vc="1" uspid="50" ordinal="16" offset="934" sl="116" sc="13" el="116" ec="46" bec="0" bev="0" fileid="1" />
                <SequencePoint vc="1" uspid="51" ordinal="17" offset="1095" sl="117" sc="13" el="117" ec="52" bec="2" bev="1" fileid="1" />
                <SequencePoint vc="1" uspid="52" ordinal="18" offset="1133" sl="118" sc="13" el="118" ec="53" bec="2" bev="1" fileid="1" />
                <SequencePoint vc="1" uspid="53" ordinal="19" offset="1171" sl="119" sc="13" el="119" ec="49" bec="2" bev="1" fileid="1" />
                <SequencePoint vc="1" uspid="54" ordinal="20" offset="1209" sl="120" sc="13" el="120" ec="66" bec="0" bev="0" fileid="1" />
                <SequencePoint vc="1" uspid="55" ordinal="21" offset="1299" sl="121" sc="9" el="121" ec="10" bec="0" bev="0" fileid="1" />
              </SequencePoints>
              <BranchPoints>
                <BranchPoint vc="1" uspid="56" ordinal="0" offset="788" sl="108" path="0" offsetend="790" fileid="1" />
                <BranchPoint vc="0" uspid="57" ordinal="1" offset="788" sl="108" path="1" offsetend="809" fileid="1" />
                <BranchPoint vc="1" uspid="58" ordinal="2" offset="831" sl="109" path="0" offsetend="833" fileid="1" />
                <BranchPoint vc="0" uspid="59" ordinal="3" offset="831" sl="109" path="1" offsetend="852" fileid="1" />
                <BranchPoint vc="1" uspid="60" ordinal="4" offset="874" sl="110" path="0" offsetend="876" fileid="1" />
                <BranchPoint vc="0" uspid="61" ordinal="5" offset="874" sl="110" path="1" offsetend="895" fileid="1" />
                <BranchPoint vc="1" uspid="62" ordinal="6" offset="1101" sl="117" path="0" offsetend="1103" fileid="1" />
                <BranchPoint vc="0" uspid="63" ordinal="7" offset="1101" sl="117" path="1" offsetend="1122" fileid="1" />
                <BranchPoint vc="1" uspid="64" ordinal="8" offset="1139" sl="118" path="0" offsetend="1141" fileid="1" />
                <BranchPoint vc="0" uspid="65" ordinal="9" offset="1139" sl="118" path="1" offsetend="1160" fileid="1" />
                <BranchPoint vc="1" uspid="66" ordinal="10" offset="1177" sl="119" path="0" offsetend="1179" fileid="1" />
                <BranchPoint vc="0" uspid="67" ordinal="11" offset="1177" sl="119" path="1" offsetend="1198" fileid="1" />
              </BranchPoints>
              <MethodPoint xsi:type="SequencePoint" vc="1" uspid="34" ordinal="0" offset="0" sl="89" sc="9" el="89" ec="10" bec="0" bev="0" fileid="1" />
            </Method>
            <Method visited="true" cyclomaticComplexity="1" sequenceCoverage="100" branchCoverage="100" isConstructor="false" isStatic="false" isGetter="false" isSetter="false">
              <Summary numSequencePoints="17" visitedSequencePoints="17" numBranchPoints="1" visitedBranchPoints="1" sequenceCoverage="100" branchCoverage="100" maxCyclomaticComplexity="1" minCyclomaticComplexity="1" visitedClasses="0" numClasses="0" visitedMethods="1" numMethods="1" />
              <MetadataToken>100663301</MetadataToken>
              <Name>System.Void BudgieEntityFramework.Tests.BURTests::Test_RemoveBudgieUser_CallsRemoveABudgieUserToDatabase_AndSaveChangesOnContext()</Name>
              <FileRef uid="1" />
              <SequencePoints>
                <SequencePoint vc="1" uspid="68" ordinal="0" offset="7" sl="125" sc="9" el="125" ec="10" bec="0" bev="0" fileid="1" />
                <SequencePoint vc="1" uspid="69" ordinal="1" offset="8" sl="128" sc="13" el="128" ec="58" bec="0" bev="0" fileid="1" />
                <SequencePoint vc="1" uspid="70" ordinal="2" offset="20" sl="130" sc="13" el="130" ec="44" bec="0" bev="0" fileid="1" />
                <SequencePoint vc="1" uspid="71" ordinal="3" offset="104" sl="132" sc="13" el="132" ec="77" bec="0" bev="0" fileid="1" />
                <SequencePoint vc="1" uspid="72" ordinal="4" offset="136" sl="133" sc="13" el="133" ec="102" bec="0" bev="0" fileid="1" />
                <SequencePoint vc="1" uspid="73" ordinal="5" offset="229" sl="134" sc="13" el="134" ec="106" bec="0" bev="0" fileid="1" />
                <SequencePoint vc="1" uspid="74" ordinal="6" offset="322" sl="135" sc="13" el="135" ec="108" bec="0" bev="0" fileid="1" />
                <SequencePoint vc="1" uspid="75" ordinal="7" offset="415" sl="136" sc="13" el="136" ec="114" bec="0" bev="0" fileid="1" />
                <SequencePoint vc="1" uspid="76" ordinal="8" offset="526" sl="138" sc="13" el="138" ec="59" bec="0" bev="0" fileid="1" />
                <SequencePoint vc="1" uspid="77" ordinal="9" offset="532" sl="139" sc="13" el="139" ec="77" bec="0" bev="0" fileid="1" />
                <SequencePoint vc="1" uspid="78" ordinal="10" offset="620" sl="141" sc="13" el="141" ec="89" bec="0" bev="0" fileid="1" />
                <SequencePoint vc="1" uspid="79" ordinal="11" offset="632" sl="142" sc="13" el="142" ec="64" bec="0" bev="0" fileid="1" />
                <SequencePoint vc="1" uspid="80" ordinal="12" offset="810" sl="145" sc="13" el="145" ec="41" bec="0" bev="0" fileid="1" />
                <SequencePoint vc="1" uspid="81" ordinal="13" offset="818" sl="148" sc="13" el="148" ec="58" bec="0" bev="0" fileid="1" />
                <SequencePoint vc="1" uspid="82" ordinal="14" offset="991" sl="149" sc="13" el="149" ec="68" bec="0" bev="0" fileid="1" />
                <SequencePoint vc="1" uspid="83" ordinal="15" offset="1146" sl="150" sc="13" el="150" ec="66" bec="0" bev="0" fileid="1" />
                <SequencePoint vc="1" uspid="84" ordinal="16" offset="1236" sl="151" sc="9" el="151" ec="10" bec="0" bev="0" fileid="1" />
              </SequencePoints>
              <BranchPoints />
              <MethodPoint vc="1" uspid="85" ordinal="0" offset="0" />
            </Method>
            <Method visited="true" cyclomaticComplexity="1" sequenceCoverage="0" branchCoverage="0" isConstructor="true" isStatic="false" isGetter="false" isSetter="false">
              <Summary numSequencePoints="0" visitedSequencePoints="0" numBranchPoints="0" visitedBranchPoints="0" sequenceCoverage="0" branchCoverage="0" maxCyclomaticComplexity="1" minCyclomaticComplexity="1" visitedClasses="0" numClasses="0" visitedMethods="0" numMethods="0" />
              <MetadataToken>100663302</MetadataToken>
              <Name>System.Void BudgieEntityFramework.Tests.BURTests::.ctor()</Name>
              <SequencePoints />
              <BranchPoints />
              <MethodPoint vc="4" uspid="86" ordinal="0" offset="0" />
            </Method>
            <Method visited="true" cyclomaticComplexity="1" sequenceCoverage="100" branchCoverage="100" isConstructor="false" isStatic="true" isGetter="false" isSetter="false">
              <Summary numSequencePoints="1" visitedSequencePoints="1" numBranchPoints="1" visitedBranchPoints="1" sequenceCoverage="100" branchCoverage="100" maxCyclomaticComplexity="1" minCyclomaticComplexity="1" visitedClasses="0" numClasses="0" visitedMethods="1" numMethods="1" />
              <MetadataToken>100663303</MetadataToken>
              <Name>System.Void BudgieEntityFramework.Tests.BURTests::&lt;Test_UpdateBudgieUser_RunsUpdateBudgieUserToDatabase_AndSaveChangesOnContext&gt;b__3(BudgieDatabaseLayer.BudgieUser)</Name>
              <FileRef uid="1" />
              <SequencePoints>
                <SequencePoint vc="1" uspid="87" ordinal="0" offset="0" sl="108" sc="30" el="108" ec="49" bec="0" bev="0" fileid="1" />
              </SequencePoints>
              <BranchPoints />
              <MethodPoint xsi:type="SequencePoint" vc="1" uspid="87" ordinal="0" offset="0" sl="108" sc="30" el="108" ec="49" bec="0" bev="0" fileid="1" />
            </Method>
            <Method visited="true" cyclomaticComplexity="1" sequenceCoverage="100" branchCoverage="100" isConstructor="false" isStatic="true" isGetter="false" isSetter="false">
              <Summary numSequencePoints="1" visitedSequencePoints="1" numBranchPoints="1" visitedBranchPoints="1" sequenceCoverage="100" branchCoverage="100" maxCyclomaticComplexity="1" minCyclomaticComplexity="1" visitedClasses="0" numClasses="0" visitedMethods="1" numMethods="1" />
              <MetadataToken>100663304</MetadataToken>
              <Name>System.Void BudgieEntityFramework.Tests.BURTests::&lt;Test_UpdateBudgieUser_RunsUpdateBudgieUserToDatabase_AndSaveChangesOnContext&gt;b__4(BudgieDatabaseLayer.BudgieUser)</Name>
              <FileRef uid="1" />
              <SequencePoints>
                <SequencePoint vc="1" uspid="88" ordinal="0" offset="0" sl="109" sc="30" el="109" ec="50" bec="0" bev="0" fileid="1" />
              </SequencePoints>
              <BranchPoints />
              <MethodPoint xsi:type="SequencePoint" vc="1" uspid="88" ordinal="0" offset="0" sl="109" sc="30" el="109" ec="50" bec="0" bev="0" fileid="1" />
            </Method>
            <Method visited="true" cyclomaticComplexity="1" sequenceCoverage="100" branchCoverage="100" isConstructor="false" isStatic="true" isGetter="false" isSetter="false">
              <Summary numSequencePoints="1" visitedSequencePoints="1" numBranchPoints="1" visitedBranchPoints="1" sequenceCoverage="100" branchCoverage="100" maxCyclomaticComplexity="1" minCyclomaticComplexity="1" visitedClasses="0" numClasses="0" visitedMethods="1" numMethods="1" />
              <MetadataToken>100663305</MetadataToken>
              <Name>System.Void BudgieEntityFramework.Tests.BURTests::&lt;Test_UpdateBudgieUser_RunsUpdateBudgieUserToDatabase_AndSaveChangesOnContext&gt;b__5(BudgieDatabaseLayer.BudgieUser)</Name>
              <FileRef uid="1" />
              <SequencePoints>
                <SequencePoint vc="1" uspid="89" ordinal="0" offset="0" sl="110" sc="30" el="110" ec="46" bec="0" bev="0" fileid="1" />
              </SequencePoints>
              <BranchPoints />
              <MethodPoint xsi:type="SequencePoint" vc="1" uspid="89" ordinal="0" offset="0" sl="110" sc="30" el="110" ec="46" bec="0" bev="0" fileid="1" />
            </Method>
            <Method visited="true" cyclomaticComplexity="1" sequenceCoverage="100" branchCoverage="100" isConstructor="false" isStatic="true" isGetter="false" isSetter="false">
              <Summary numSequencePoints="1" visitedSequencePoints="1" numBranchPoints="1" visitedBranchPoints="1" sequenceCoverage="100" branchCoverage="100" maxCyclomaticComplexity="1" minCyclomaticComplexity="1" visitedClasses="0" numClasses="0" visitedMethods="1" numMethods="1" />
              <MetadataToken>100663306</MetadataToken>
              <Name>System.Void BudgieEntityFramework.Tests.BURTests::&lt;Test_UpdateBudgieUser_RunsUpdateBudgieUserToDatabase_AndSaveChangesOnContext&gt;b__6(BudgieDatabaseLayer.BudgieUser)</Name>
              <FileRef uid="1" />
              <SequencePoints>
                <SequencePoint vc="1" uspid="90" ordinal="0" offset="0" sl="117" sc="31" el="117" ec="50" bec="0" bev="0" fileid="1" />
              </SequencePoints>
              <BranchPoints />
              <MethodPoint xsi:type="SequencePoint" vc="1" uspid="90" ordinal="0" offset="0" sl="117" sc="31" el="117" ec="50" bec="0" bev="0" fileid="1" />
            </Method>
            <Method visited="true" cyclomaticComplexity="1" sequenceCoverage="100" branchCoverage="100" isConstructor="false" isStatic="true" isGetter="false" isSetter="false">
              <Summary numSequencePoints="1" visitedSequencePoints="1" numBranchPoints="1" visitedBranchPoints="1" sequenceCoverage="100" branchCoverage="100" maxCyclomaticComplexity="1" minCyclomaticComplexity="1" visitedClasses="0" numClasses="0" visitedMethods="1" numMethods="1" />
              <MetadataToken>100663307</MetadataToken>
              <Name>System.Void BudgieEntityFramework.Tests.BURTests::&lt;Test_UpdateBudgieUser_RunsUpdateBudgieUserToDatabase_AndSaveChangesOnContext&gt;b__7(BudgieDatabaseLayer.BudgieUser)</Name>
              <FileRef uid="1" />
              <SequencePoints>
                <SequencePoint vc="1" uspid="91" ordinal="0" offset="0" sl="118" sc="31" el="118" ec="51" bec="0" bev="0" fileid="1" />
              </SequencePoints>
              <BranchPoints />
              <MethodPoint xsi:type="SequencePoint" vc="1" uspid="91" ordinal="0" offset="0" sl="118" sc="31" el="118" ec="51" bec="0" bev="0" fileid="1" />
            </Method>
            <Method visited="true" cyclomaticComplexity="1" sequenceCoverage="100" branchCoverage="100" isConstructor="false" isStatic="true" isGetter="false" isSetter="false">
              <Summary numSequencePoints="1" visitedSequencePoints="1" numBranchPoints="1" visitedBranchPoints="1" sequenceCoverage="100" branchCoverage="100" maxCyclomaticComplexity="1" minCyclomaticComplexity="1" visitedClasses="0" numClasses="0" visitedMethods="1" numMethods="1" />
              <MetadataToken>100663308</MetadataToken>
              <Name>System.Void BudgieEntityFramework.Tests.BURTests::&lt;Test_UpdateBudgieUser_RunsUpdateBudgieUserToDatabase_AndSaveChangesOnContext&gt;b__8(BudgieDatabaseLayer.BudgieUser)</Name>
              <FileRef uid="1" />
              <SequencePoints>
                <SequencePoint vc="1" uspid="92" ordinal="0" offset="0" sl="119" sc="31" el="119" ec="47" bec="0" bev="0" fileid="1" />
              </SequencePoints>
              <BranchPoints />
              <MethodPoint xsi:type="SequencePoint" vc="1" uspid="92" ordinal="0" offset="0" sl="119" sc="31" el="119" ec="47" bec="0" bev="0" fileid="1" />
            </Method>
          </Methods>
        </Class>
        <Class>
          <Summary numSequencePoints="0" visitedSequencePoints="0" numBranchPoints="0" visitedBranchPoints="0" sequenceCoverage="0" branchCoverage="0" maxCyclomaticComplexity="1" minCyclomaticComplexity="1" visitedClasses="0" numClasses="0" visitedMethods="0" numMethods="0" />
          <FullName>BudgieEntityFramework.Tests.BURTests/&lt;&gt;c__DisplayClass10</FullName>
          <Methods>
            <Method visited="true" cyclomaticComplexity="1" sequenceCoverage="0" branchCoverage="0" isConstructor="true" isStatic="false" isGetter="false" isSetter="false">
              <Summary numSequencePoints="0" visitedSequencePoints="0" numBranchPoints="0" visitedBranchPoints="0" sequenceCoverage="0" branchCoverage="0" maxCyclomaticComplexity="1" minCyclomaticComplexity="1" visitedClasses="0" numClasses="0" visitedMethods="0" numMethods="0" />
              <MetadataToken>100663340</MetadataToken>
              <Name>System.Void BudgieEntityFramework.Tests.BURTests/&lt;&gt;c__DisplayClass10::.ctor()</Name>
              <SequencePoints />
              <BranchPoints />
              <MethodPoint vc="1" uspid="93" ordinal="0" offset="0" />
            </Method>
          </Methods>
        </Class>
        <Class>
          <Summary numSequencePoints="200" visitedSequencePoints="200" numBranchPoints="32" visitedBranchPoints="25" sequenceCoverage="100" branchCoverage="78.12" maxCyclomaticComplexity="3" minCyclomaticComplexity="1" visitedClasses="1" numClasses="1" visitedMethods="18" numMethods="18" />
          <FullName>BudgieUsersRepositoryTests.ARTests</FullName>
          <Methods>
            <Method visited="true" cyclomaticComplexity="1" sequenceCoverage="100" branchCoverage="100" isConstructor="false" isStatic="false" isGetter="false" isSetter="false">
              <Summary numSequencePoints="3" visitedSequencePoints="3" numBranchPoints="1" visitedBranchPoints="1" sequenceCoverage="100" branchCoverage="100" maxCyclomaticComplexity="1" minCyclomaticComplexity="1" visitedClasses="0" numClasses="0" visitedMethods="1" numMethods="1" />
              <MetadataToken>100663309</MetadataToken>
              <Name>System.Void BudgieUsersRepositoryTests.ARTests::Setup()</Name>
              <FileRef uid="2" />
              <SequencePoints>
                <SequencePoint vc="10" uspid="94" ordinal="0" offset="0" sl="18" sc="9" el="18" ec="10" bec="0" bev="0" fileid="2" />
                <SequencePoint vc="10" uspid="95" ordinal="1" offset="1" sl="19" sc="13" el="19" ec="52" bec="0" bev="0" fileid="2" />
                <SequencePoint vc="10" uspid="96" ordinal="2" offset="12" sl="20" sc="9" el="20" ec="10" bec="0" bev="0" fileid="2" />
              </SequencePoints>
              <BranchPoints />
              <MethodPoint xsi:type="SequencePoint" vc="10" uspid="94" ordinal="0" offset="0" sl="18" sc="9" el="18" ec="10" bec="0" bev="0" fileid="2" />
            </Method>
            <Method visited="true" cyclomaticComplexity="1" sequenceCoverage="100" branchCoverage="100" isConstructor="false" isStatic="false" isGetter="false" isSetter="false">
              <Summary numSequencePoints="17" visitedSequencePoints="17" numBranchPoints="1" visitedBranchPoints="1" sequenceCoverage="100" branchCoverage="100" maxCyclomaticComplexity="1" minCyclomaticComplexity="1" visitedClasses="0" numClasses="0" visitedMethods="1" numMethods="1" />
              <MetadataToken>100663310</MetadataToken>
              <Name>System.Void BudgieUsersRepositoryTests.ARTests::Test_GetAllAccounts_ReturnsAllAccounts()</Name>
              <FileRef uid="2" />
              <SequencePoints>
                <SequencePoint vc="1" uspid="97" ordinal="0" offset="0" sl="24" sc="9" el="24" ec="10" bec="0" bev="0" fileid="2" />
                <SequencePoint vc="1" uspid="98" ordinal="1" offset="1" sl="26" sc="13" el="26" ec="52" bec="0" bev="0" fileid="2" />
                <SequencePoint vc="1" uspid="99" ordinal="2" offset="7" sl="27" sc="13" el="27" ec="52" bec="0" bev="0" fileid="2" />
                <SequencePoint vc="1" uspid="100" ordinal="3" offset="13" sl="28" sc="13" el="28" ec="52" bec="0" bev="0" fileid="2" />
                <SequencePoint vc="1" uspid="101" ordinal="4" offset="19" sl="31" sc="13" el="38" ec="15" bec="0" bev="0" fileid="2" />
                <SequencePoint vc="1" uspid="102" ordinal="5" offset="71" sl="40" sc="13" el="46" ec="29" bec="0" bev="0" fileid="2" />
                <SequencePoint vc="1" uspid="103" ordinal="6" offset="129" sl="48" sc="13" el="48" ec="73" bec="0" bev="0" fileid="2" />
                <SequencePoint vc="1" uspid="104" ordinal="7" offset="136" sl="49" sc="13" el="49" ec="99" bec="0" bev="0" fileid="2" />
                <SequencePoint vc="1" uspid="105" ordinal="8" offset="226" sl="50" sc="13" el="50" ec="103" bec="0" bev="0" fileid="2" />
                <SequencePoint vc="1" uspid="106" ordinal="9" offset="316" sl="51" sc="13" el="51" ec="105" bec="0" bev="0" fileid="2" />
                <SequencePoint vc="1" uspid="107" ordinal="10" offset="406" sl="52" sc="13" el="52" ec="111" bec="0" bev="0" fileid="2" />
                <SequencePoint vc="1" uspid="108" ordinal="11" offset="514" sl="54" sc="13" el="54" ec="59" bec="0" bev="0" fileid="2" />
                <SequencePoint vc="1" uspid="109" ordinal="12" offset="521" sl="55" sc="13" el="55" ec="74" bec="0" bev="0" fileid="2" />
                <SequencePoint vc="1" uspid="110" ordinal="13" offset="606" sl="57" sc="13" el="57" ec="90" bec="0" bev="0" fileid="2" />
                <SequencePoint vc="1" uspid="111" ordinal="14" offset="620" sl="60" sc="13" el="60" ec="58" bec="0" bev="0" fileid="2" />
                <SequencePoint vc="1" uspid="112" ordinal="15" offset="629" sl="63" sc="13" el="63" ec="57" bec="0" bev="0" fileid="2" />
                <SequencePoint vc="1" uspid="113" ordinal="16" offset="638" sl="64" sc="9" el="64" ec="10" bec="0" bev="0" fileid="2" />
              </SequencePoints>
              <BranchPoints />
              <MethodPoint xsi:type="SequencePoint" vc="1" uspid="97" ordinal="0" offset="0" sl="24" sc="9" el="24" ec="10" bec="0" bev="0" fileid="2" />
            </Method>
            <Method visited="true" cyclomaticComplexity="1" sequenceCoverage="100" branchCoverage="100" isConstructor="false" isStatic="false" isGetter="false" isSetter="false">
              <Summary numSequencePoints="15" visitedSequencePoints="15" numBranchPoints="1" visitedBranchPoints="1" sequenceCoverage="100" branchCoverage="100" maxCyclomaticComplexity="1" minCyclomaticComplexity="1" visitedClasses="0" numClasses="0" visitedMethods="1" numMethods="1" />
              <MetadataToken>100663311</MetadataToken>
              <Name>System.Void BudgieUsersRepositoryTests.ARTests::Test_AddNewAccount_RunsAddAnAccountToDatabase_WhenCalledWithAnAccount()</Name>
              <FileRef uid="2" />
              <SequencePoints>
                <SequencePoint vc="1" uspid="114" ordinal="0" offset="0" sl="68" sc="9" el="68" ec="10" bec="0" bev="0" fileid="2" />
                <SequencePoint vc="1" uspid="115" ordinal="1" offset="1" sl="70" sc="13" el="70" ec="52" bec="0" bev="0" fileid="2" />
                <SequencePoint vc="1" uspid="116" ordinal="2" offset="7" sl="72" sc="13" el="72" ec="62" bec="0" bev="0" fileid="2" />
                <SequencePoint vc="1" uspid="117" ordinal="3" offset="18" sl="74" sc="13" el="74" ec="73" bec="0" bev="0" fileid="2" />
                <SequencePoint vc="1" uspid="118" ordinal="4" offset="24" sl="75" sc="13" el="75" ec="99" bec="0" bev="0" fileid="2" />
                <SequencePoint vc="1" uspid="119" ordinal="5" offset="112" sl="76" sc="13" el="76" ec="103" bec="0" bev="0" fileid="2" />
                <SequencePoint vc="1" uspid="120" ordinal="6" offset="200" sl="77" sc="13" el="77" ec="105" bec="0" bev="0" fileid="2" />
                <SequencePoint vc="1" uspid="121" ordinal="7" offset="288" sl="78" sc="13" el="78" ec="111" bec="0" bev="0" fileid="2" />
                <SequencePoint vc="1" uspid="122" ordinal="8" offset="394" sl="80" sc="13" el="80" ec="59" bec="0" bev="0" fileid="2" />
                <SequencePoint vc="1" uspid="123" ordinal="9" offset="400" sl="81" sc="13" el="81" ec="74" bec="0" bev="0" fileid="2" />
                <SequencePoint vc="1" uspid="124" ordinal="10" offset="483" sl="83" sc="13" el="83" ec="90" bec="0" bev="0" fileid="2" />
                <SequencePoint vc="1" uspid="125" ordinal="11" offset="496" sl="86" sc="13" el="86" ec="53" bec="0" bev="0" fileid="2" />
                <SequencePoint vc="1" uspid="126" ordinal="12" offset="510" sl="89" sc="13" el="89" ec="75" bec="0" bev="0" fileid="2" />
                <SequencePoint vc="1" uspid="127" ordinal="13" offset="640" sl="90" sc="13" el="90" ec="66" bec="0" bev="0" fileid="2" />
                <SequencePoint vc="1" uspid="128" ordinal="14" offset="730" sl="91" sc="9" el="91" ec="10" bec="0" bev="0" fileid="2" />
              </SequencePoints>
              <BranchPoints />
              <MethodPoint xsi:type="SequencePoint" vc="1" uspid="114" ordinal="0" offset="0" sl="68" sc="9" el="68" ec="10" bec="0" bev="0" fileid="2" />
            </Method>
            <Method visited="true" cyclomaticComplexity="3" sequenceCoverage="100" branchCoverage="60" isConstructor="false" isStatic="false" isGetter="false" isSetter="false">
              <Summary numSequencePoints="20" visitedSequencePoints="20" numBranchPoints="5" visitedBranchPoints="3" sequenceCoverage="100" branchCoverage="60" maxCyclomaticComplexity="3" minCyclomaticComplexity="3" visitedClasses="0" numClasses="0" visitedMethods="1" numMethods="1" />
              <MetadataToken>100663312</MetadataToken>
              <Name>System.Void BudgieUsersRepositoryTests.ARTests::Test_UpdateAccount_RunsUpdateAccountToDatabase_AndSaveChangesOnContext()</Name>
              <FileRef uid="2" />
              <SequencePoints>
                <SequencePoint vc="1" uspid="129" ordinal="0" offset="0" sl="95" sc="9" el="95" ec="10" bec="0" bev="0" fileid="2" />
                <SequencePoint vc="1" uspid="130" ordinal="1" offset="1" sl="97" sc="13" el="97" ec="52" bec="0" bev="0" fileid="2" />
                <SequencePoint vc="1" uspid="131" ordinal="2" offset="7" sl="99" sc="13" el="99" ec="44" bec="0" bev="0" fileid="2" />
                <SequencePoint vc="1" uspid="132" ordinal="3" offset="85" sl="100" sc="13" el="100" ec="56" bec="0" bev="0" fileid="2" />
                <SequencePoint vc="1" uspid="133" ordinal="4" offset="163" sl="101" sc="13" el="101" ec="76" bec="2" bev="1" fileid="2" />
                <SequencePoint vc="1" uspid="134" ordinal="5" offset="206" sl="103" sc="13" el="103" ec="74" bec="0" bev="0" fileid="2" />
                <SequencePoint vc="1" uspid="135" ordinal="6" offset="235" sl="104" sc="13" el="104" ec="73" bec="0" bev="0" fileid="2" />
                <SequencePoint vc="1" uspid="136" ordinal="7" offset="241" sl="105" sc="13" el="105" ec="99" bec="0" bev="0" fileid="2" />
                <SequencePoint vc="1" uspid="137" ordinal="8" offset="329" sl="106" sc="13" el="106" ec="103" bec="0" bev="0" fileid="2" />
                <SequencePoint vc="1" uspid="138" ordinal="9" offset="417" sl="107" sc="13" el="107" ec="105" bec="0" bev="0" fileid="2" />
                <SequencePoint vc="1" uspid="139" ordinal="10" offset="505" sl="108" sc="13" el="108" ec="111" bec="0" bev="0" fileid="2" />
                <SequencePoint vc="1" uspid="140" ordinal="11" offset="611" sl="110" sc="13" el="110" ec="59" bec="0" bev="0" fileid="2" />
                <SequencePoint vc="1" uspid="141" ordinal="12" offset="617" sl="111" sc="13" el="111" ec="74" bec="0" bev="0" fileid="2" />
                <SequencePoint vc="1" uspid="142" ordinal="13" offset="700" sl="113" sc="13" el="113" ec="82" bec="0" bev="0" fileid="2" />
                <SequencePoint vc="1" uspid="143" ordinal="14" offset="713" sl="114" sc="13" el="114" ec="64" bec="0" bev="0" fileid="2" />
                <SequencePoint vc="1" uspid="144" ordinal="15" offset="880" sl="118" sc="13" el="118" ec="59" bec="0" bev="0" fileid="2" />
                <SequencePoint vc="1" uspid="145" ordinal="16" offset="899" sl="121" sc="13" el="121" ec="58" bec="0" bev="0" fileid="2" />
                <SequencePoint vc="1" uspid="146" ordinal="17" offset="1067" sl="122" sc="13" el="122" ec="64" bec="2" bev="1" fileid="2" />
                <SequencePoint vc="1" uspid="147" ordinal="18" offset="1105" sl="123" sc="13" el="123" ec="66" bec="0" bev="0" fileid="2" />
                <SequencePoint vc="1" uspid="148" ordinal="19" offset="1195" sl="124" sc="9" el="124" ec="10" bec="0" bev="0" fileid="2" />
              </SequencePoints>
              <BranchPoints>
                <BranchPoint vc="1" uspid="149" ordinal="0" offset="169" sl="101" path="0" offsetend="171" fileid="2" />
                <BranchPoint vc="0" uspid="150" ordinal="1" offset="169" sl="101" path="1" offsetend="190" fileid="2" />
                <BranchPoint vc="1" uspid="151" ordinal="2" offset="1073" sl="122" path="0" offsetend="1075" fileid="2" />
                <BranchPoint vc="0" uspid="152" ordinal="3" offset="1073" sl="122" path="1" offsetend="1094" fileid="2" />
              </BranchPoints>
              <MethodPoint xsi:type="SequencePoint" vc="1" uspid="129" ordinal="0" offset="0" sl="95" sc="9" el="95" ec="10" bec="0" bev="0" fileid="2" />
            </Method>
            <Method visited="true" cyclomaticComplexity="1" sequenceCoverage="100" branchCoverage="100" isConstructor="false" isStatic="false" isGetter="false" isSetter="false">
              <Summary numSequencePoints="18" visitedSequencePoints="18" numBranchPoints="1" visitedBranchPoints="1" sequenceCoverage="100" branchCoverage="100" maxCyclomaticComplexity="1" minCyclomaticComplexity="1" visitedClasses="0" numClasses="0" visitedMethods="1" numMethods="1" />
              <MetadataToken>100663313</MetadataToken>
              <Name>System.Void BudgieUsersRepositoryTests.ARTests::Test_RemoveAccount_CallsRemoveAnAccountToDatabase_AndSaveChangesOnContext()</Name>
              <FileRef uid="2" />
              <SequencePoints>
                <SequencePoint vc="1" uspid="153" ordinal="0" offset="7" sl="128" sc="9" el="128" ec="10" bec="0" bev="0" fileid="2" />
                <SequencePoint vc="1" uspid="154" ordinal="1" offset="8" sl="130" sc="13" el="130" ec="52" bec="0" bev="0" fileid="2" />
                <SequencePoint vc="1" uspid="155" ordinal="2" offset="20" sl="132" sc="13" el="132" ec="44" bec="0" bev="0" fileid="2" />
                <SequencePoint vc="1" uspid="156" ordinal="3" offset="104" sl="133" sc="13" el="133" ec="56" bec="0" bev="0" fileid="2" />
                <SequencePoint vc="1" uspid="157" ordinal="4" offset="188" sl="135" sc="13" el="135" ec="74" bec="0" bev="0" fileid="2" />
                <SequencePoint vc="1" uspid="158" ordinal="5" offset="220" sl="136" sc="13" el="136" ec="99" bec="0" bev="0" fileid="2" />
                <SequencePoint vc="1" uspid="159" ordinal="6" offset="313" sl="137" sc="13" el="137" ec="103" bec="0" bev="0" fileid="2" />
                <SequencePoint vc="1" uspid="160" ordinal="7" offset="406" sl="138" sc="13" el="138" ec="105" bec="0" bev="0" fileid="2" />
                <SequencePoint vc="1" uspid="161" ordinal="8" offset="499" sl="139" sc="13" el="139" ec="111" bec="0" bev="0" fileid="2" />
                <SequencePoint vc="1" uspid="162" ordinal="9" offset="610" sl="141" sc="13" el="141" ec="59" bec="0" bev="0" fileid="2" />
                <SequencePoint vc="1" uspid="163" ordinal="10" offset="616" sl="142" sc="13" el="142" ec="74" bec="0" bev="0" fileid="2" />
                <SequencePoint vc="1" uspid="164" ordinal="11" offset="704" sl="144" sc="13" el="144" ec="82" bec="0" bev="0" fileid="2" />
                <SequencePoint vc="1" uspid="165" ordinal="12" offset="716" sl="145" sc="13" el="145" ec="64" bec="0" bev="0" fileid="2" />
                <SequencePoint vc="1" uspid="166" ordinal="13" offset="894" sl="148" sc="13" el="148" ec="37" bec="0" bev="0" fileid="2" />
                <SequencePoint vc="1" uspid="167" ordinal="14" offset="902" sl="153" sc="13" el="153" ec="58" bec="0" bev="0" fileid="2" />
                <SequencePoint vc="1" uspid="168" ordinal="15" offset="1075" sl="154" sc="13" el="154" ec="68" bec="0" bev="0" fileid="2" />
                <SequencePoint vc="1" uspid="169" ordinal="16" offset="1230" sl="155" sc="13" el="155" ec="66" bec="0" bev="0" fileid="2" />
                <SequencePoint vc="1" uspid="170" ordinal="17" offset="1320" sl="156" sc="9" el="156" ec="10" bec="0" bev="0" fileid="2" />
              </SequencePoints>
              <BranchPoints />
              <MethodPoint vc="1" uspid="171" ordinal="0" offset="0" />
            </Method>
            <Method visited="true" cyclomaticComplexity="2" sequenceCoverage="100" branchCoverage="66.67" isConstructor="false" isStatic="false" isGetter="false" isSetter="false">
              <Summary numSequencePoints="19" visitedSequencePoints="19" numBranchPoints="3" visitedBranchPoints="2" sequenceCoverage="100" branchCoverage="66.67" maxCyclomaticComplexity="2" minCyclomaticComplexity="2" visitedClasses="0" numClasses="0" visitedMethods="1" numMethods="1" />
              <MetadataToken>100663314</MetadataToken>
              <Name>System.Void BudgieUsersRepositoryTests.ARTests::Test_WithdrawMoney_CallsWithdrawMoneyToDatabase_AndSaveChangesOnContextAfterWithdrawing()</Name>
              <FileRef uid="2" />
              <SequencePoints>
                <SequencePoint vc="1" uspid="172" ordinal="0" offset="0" sl="160" sc="9" el="160" ec="10" bec="0" bev="0" fileid="2" />
                <SequencePoint vc="1" uspid="173" ordinal="1" offset="1" sl="162" sc="13" el="162" ec="52" bec="0" bev="0" fileid="2" />
                <SequencePoint vc="1" uspid="174" ordinal="2" offset="7" sl="164" sc="13" el="164" ec="44" bec="0" bev="0" fileid="2" />
                <SequencePoint vc="1" uspid="175" ordinal="3" offset="85" sl="165" sc="13" el="165" ec="56" bec="0" bev="0" fileid="2" />
                <SequencePoint vc="1" uspid="176" ordinal="4" offset="163" sl="166" sc="13" el="166" ec="51" bec="0" bev="0" fileid="2" />
                <SequencePoint vc="1" uspid="177" ordinal="5" offset="247" sl="168" sc="13" el="168" ec="74" bec="0" bev="0" fileid="2" />
                <SequencePoint vc="1" uspid="178" ordinal="6" offset="276" sl="169" sc="13" el="169" ec="99" bec="0" bev="0" fileid="2" />
                <SequencePoint vc="1" uspid="179" ordinal="7" offset="369" sl="170" sc="13" el="170" ec="103" bec="0" bev="0" fileid="2" />
                <SequencePoint vc="1" uspid="180" ordinal="8" offset="462" sl="171" sc="13" el="171" ec="105" bec="0" bev="0" fileid="2" />
                <SequencePoint vc="1" uspid="181" ordinal="9" offset="555" sl="172" sc="13" el="172" ec="111" bec="0" bev="0" fileid="2" />
                <SequencePoint vc="1" uspid="182" ordinal="10" offset="666" sl="174" sc="13" el="174" ec="59" bec="0" bev="0" fileid="2" />
                <SequencePoint vc="1" uspid="183" ordinal="11" offset="672" sl="175" sc="13" el="175" ec="74" bec="0" bev="0" fileid="2" />
                <SequencePoint vc="1" uspid="184" ordinal="12" offset="760" sl="177" sc="13" el="177" ec="82" bec="0" bev="0" fileid="2" />
                <SequencePoint vc="1" uspid="185" ordinal="13" offset="772" sl="178" sc="13" el="178" ec="64" bec="0" bev="0" fileid="2" />
                <SequencePoint vc="1" uspid="186" ordinal="14" offset="944" sl="181" sc="13" el="181" ec="41" bec="0" bev="0" fileid="2" />
                <SequencePoint vc="1" uspid="187" ordinal="15" offset="959" sl="185" sc="13" el="185" ec="46" bec="0" bev="0" fileid="2" />
                <SequencePoint vc="1" uspid="188" ordinal="16" offset="1120" sl="186" sc="13" el="186" ec="58" bec="2" bev="1" fileid="2" />
                <SequencePoint vc="1" uspid="189" ordinal="17" offset="1170" sl="187" sc="13" el="187" ec="66" bec="0" bev="0" fileid="2" />
                <SequencePoint vc="1" uspid="190" ordinal="18" offset="1260" sl="188" sc="9" el="188" ec="10" bec="0" bev="0" fileid="2" />
              </SequencePoints>
              <BranchPoints>
                <BranchPoint vc="1" uspid="191" ordinal="0" offset="1126" sl="186" path="0" offsetend="1128" fileid="2" />
                <BranchPoint vc="0" uspid="192" ordinal="1" offset="1126" sl="186" path="1" offsetend="1147" fileid="2" />
              </BranchPoints>
              <MethodPoint xsi:type="SequencePoint" vc="1" uspid="172" ordinal="0" offset="0" sl="160" sc="9" el="160" ec="10" bec="0" bev="0" fileid="2" />
            </Method>
            <Method visited="true" cyclomaticComplexity="2" sequenceCoverage="100" branchCoverage="66.67" isConstructor="false" isStatic="false" isGetter="false" isSetter="false">
              <Summary numSequencePoints="19" visitedSequencePoints="19" numBranchPoints="3" visitedBranchPoints="2" sequenceCoverage="100" branchCoverage="66.67" maxCyclomaticComplexity="2" minCyclomaticComplexity="2" visitedClasses="0" numClasses="0" visitedMethods="1" numMethods="1" />
              <MetadataToken>100663315</MetadataToken>
              <Name>System.Void BudgieUsersRepositoryTests.ARTests::Test_DepositMoney_CallsDepositMoneyToDatabase_AndSaveChangesOnContext()</Name>
              <FileRef uid="2" />
              <SequencePoints>
                <SequencePoint vc="1" uspid="193" ordinal="0" offset="0" sl="192" sc="9" el="192" ec="10" bec="0" bev="0" fileid="2" />
                <SequencePoint vc="1" uspid="194" ordinal="1" offset="1" sl="194" sc="13" el="194" ec="52" bec="0" bev="0" fileid="2" />
                <SequencePoint vc="1" uspid="195" ordinal="2" offset="7" sl="196" sc="13" el="196" ec="44" bec="0" bev="0" fileid="2" />
                <SequencePoint vc="1" uspid="196" ordinal="3" offset="85" sl="197" sc="13" el="197" ec="56" bec="0" bev="0" fileid="2" />
                <SequencePoint vc="1" uspid="197" ordinal="4" offset="163" sl="198" sc="13" el="198" ec="49" bec="0" bev="0" fileid="2" />
                <SequencePoint vc="1" uspid="198" ordinal="5" offset="246" sl="200" sc="13" el="200" ec="74" bec="0" bev="0" fileid="2" />
                <SequencePoint vc="1" uspid="199" ordinal="6" offset="275" sl="201" sc="13" el="201" ec="99" bec="0" bev="0" fileid="2" />
                <SequencePoint vc="1" uspid="200" ordinal="7" offset="368" sl="202" sc="13" el="202" ec="103" bec="0" bev="0" fileid="2" />
                <SequencePoint vc="1" uspid="201" ordinal="8" offset="461" sl="203" sc="13" el="203" ec="105" bec="0" bev="0" fileid="2" />
                <SequencePoint vc="1" uspid="202" ordinal="9" offset="554" sl="204" sc="13" el="204" ec="111" bec="0" bev="0" fileid="2" />
                <SequencePoint vc="1" uspid="203" ordinal="10" offset="665" sl="206" sc="13" el="206" ec="59" bec="0" bev="0" fileid="2" />
                <SequencePoint vc="1" uspid="204" ordinal="11" offset="671" sl="207" sc="13" el="207" ec="74" bec="0" bev="0" fileid="2" />
                <SequencePoint vc="1" uspid="205" ordinal="12" offset="759" sl="209" sc="13" el="209" ec="82" bec="0" bev="0" fileid="2" />
                <SequencePoint vc="1" uspid="206" ordinal="13" offset="771" sl="210" sc="13" el="210" ec="64" bec="0" bev="0" fileid="2" />
                <SequencePoint vc="1" uspid="207" ordinal="14" offset="943" sl="213" sc="13" el="213" ec="40" bec="0" bev="0" fileid="2" />
                <SequencePoint vc="1" uspid="208" ordinal="15" offset="958" sl="216" sc="13" el="216" ec="46" bec="0" bev="0" fileid="2" />
                <SequencePoint vc="1" uspid="209" ordinal="16" offset="1119" sl="217" sc="13" el="217" ec="59" bec="2" bev="1" fileid="2" />
                <SequencePoint vc="1" uspid="210" ordinal="17" offset="1169" sl="218" sc="13" el="218" ec="66" bec="0" bev="0" fileid="2" />
                <SequencePoint vc="1" uspid="211" ordinal="18" offset="1259" sl="219" sc="9" el="219" ec="10" bec="0" bev="0" fileid="2" />
              </SequencePoints>
              <BranchPoints>
                <BranchPoint vc="1" uspid="212" ordinal="0" offset="1125" sl="217" path="0" offsetend="1127" fileid="2" />
                <BranchPoint vc="0" uspid="213" ordinal="1" offset="1125" sl="217" path="1" offsetend="1146" fileid="2" />
              </BranchPoints>
              <MethodPoint xsi:type="SequencePoint" vc="1" uspid="193" ordinal="0" offset="0" sl="192" sc="9" el="192" ec="10" bec="0" bev="0" fileid="2" />
            </Method>
            <Method visited="true" cyclomaticComplexity="3" sequenceCoverage="100" branchCoverage="60" isConstructor="false" isStatic="false" isGetter="false" isSetter="false">
              <Summary numSequencePoints="25" visitedSequencePoints="25" numBranchPoints="5" visitedBranchPoints="3" sequenceCoverage="100" branchCoverage="60" maxCyclomaticComplexity="3" minCyclomaticComplexity="3" visitedClasses="0" numClasses="0" visitedMethods="1" numMethods="1" />
              <MetadataToken>100663316</MetadataToken>
              <Name>System.Void BudgieUsersRepositoryTests.ARTests::Test_TransferMoney_CallsTransferMoneyToDatabase_AndSaveChangesOnContextAfterTransferIsComplete()</Name>
              <FileRef uid="2" />
              <SequencePoints>
                <SequencePoint vc="1" uspid="214" ordinal="0" offset="0" sl="223" sc="9" el="223" ec="10" bec="0" bev="0" fileid="2" />
                <SequencePoint vc="1" uspid="215" ordinal="1" offset="1" sl="225" sc="13" el="225" ec="52" bec="0" bev="0" fileid="2" />
                <SequencePoint vc="1" uspid="216" ordinal="2" offset="7" sl="226" sc="13" el="226" ec="52" bec="0" bev="0" fileid="2" />
                <SequencePoint vc="1" uspid="217" ordinal="3" offset="13" sl="228" sc="13" el="228" ec="44" bec="0" bev="0" fileid="2" />
                <SequencePoint vc="1" uspid="218" ordinal="4" offset="91" sl="229" sc="13" el="229" ec="56" bec="0" bev="0" fileid="2" />
                <SequencePoint vc="1" uspid="219" ordinal="5" offset="169" sl="230" sc="13" el="230" ec="51" bec="0" bev="0" fileid="2" />
                <SequencePoint vc="1" uspid="220" ordinal="6" offset="253" sl="232" sc="13" el="232" ec="44" bec="0" bev="0" fileid="2" />
                <SequencePoint vc="1" uspid="221" ordinal="7" offset="331" sl="233" sc="13" el="233" ec="56" bec="0" bev="0" fileid="2" />
                <SequencePoint vc="1" uspid="222" ordinal="8" offset="409" sl="234" sc="13" el="234" ec="50" bec="0" bev="0" fileid="2" />
                <SequencePoint vc="1" uspid="223" ordinal="9" offset="493" sl="236" sc="13" el="236" ec="85" bec="0" bev="0" fileid="2" />
                <SequencePoint vc="1" uspid="224" ordinal="10" offset="536" sl="237" sc="13" el="237" ec="99" bec="0" bev="0" fileid="2" />
                <SequencePoint vc="1" uspid="225" ordinal="11" offset="629" sl="238" sc="13" el="238" ec="103" bec="0" bev="0" fileid="2" />
                <SequencePoint vc="1" uspid="226" ordinal="12" offset="722" sl="239" sc="13" el="239" ec="105" bec="0" bev="0" fileid="2" />
                <SequencePoint vc="1" uspid="227" ordinal="13" offset="815" sl="240" sc="13" el="240" ec="111" bec="0" bev="0" fileid="2" />
                <SequencePoint vc="1" uspid="228" ordinal="14" offset="926" sl="242" sc="13" el="242" ec="59" bec="0" bev="0" fileid="2" />
                <SequencePoint vc="1" uspid="229" ordinal="15" offset="932" sl="243" sc="13" el="243" ec="74" bec="0" bev="0" fileid="2" />
                <SequencePoint vc="1" uspid="230" ordinal="16" offset="1020" sl="245" sc="13" el="245" ec="82" bec="0" bev="0" fileid="2" />
                <SequencePoint vc="1" uspid="231" ordinal="17" offset="1033" sl="246" sc="13" el="246" ec="64" bec="0" bev="0" fileid="2" />
                <SequencePoint vc="1" uspid="232" ordinal="18" offset="1205" sl="247" sc="13" el="247" ec="64" bec="0" bev="0" fileid="2" />
                <SequencePoint vc="1" uspid="233" ordinal="19" offset="1377" sl="251" sc="13" el="251" ec="45" bec="0" bev="0" fileid="2" />
                <SequencePoint vc="1" uspid="234" ordinal="20" offset="1394" sl="255" sc="13" el="255" ec="46" bec="0" bev="0" fileid="2" />
                <SequencePoint vc="1" uspid="235" ordinal="21" offset="1555" sl="256" sc="13" el="256" ec="58" bec="2" bev="1" fileid="2" />
                <SequencePoint vc="1" uspid="236" ordinal="22" offset="1605" sl="257" sc="13" el="257" ec="60" bec="2" bev="1" fileid="2" />
                <SequencePoint vc="1" uspid="237" ordinal="23" offset="1655" sl="258" sc="13" el="258" ec="66" bec="0" bev="0" fileid="2" />
                <SequencePoint vc="1" uspid="238" ordinal="24" offset="1745" sl="259" sc="9" el="259" ec="10" bec="0" bev="0" fileid="2" />
              </SequencePoints>
              <BranchPoints>
                <BranchPoint vc="1" uspid="239" ordinal="0" offset="1561" sl="256" path="0" offsetend="1563" fileid="2" />
                <BranchPoint vc="0" uspid="240" ordinal="1" offset="1561" sl="256" path="1" offsetend="1582" fileid="2" />
                <BranchPoint vc="1" uspid="241" ordinal="2" offset="1611" sl="257" path="0" offsetend="1613" fileid="2" />
                <BranchPoint vc="0" uspid="242" ordinal="3" offset="1611" sl="257" path="1" offsetend="1632" fileid="2" />
              </BranchPoints>
              <MethodPoint xsi:type="SequencePoint" vc="1" uspid="214" ordinal="0" offset="0" sl="223" sc="9" el="223" ec="10" bec="0" bev="0" fileid="2" />
            </Method>
            <Method visited="true" cyclomaticComplexity="1" sequenceCoverage="100" branchCoverage="100" isConstructor="false" isStatic="false" isGetter="false" isSetter="false">
              <Summary numSequencePoints="19" visitedSequencePoints="19" numBranchPoints="1" visitedBranchPoints="1" sequenceCoverage="100" branchCoverage="100" maxCyclomaticComplexity="1" minCyclomaticComplexity="1" visitedClasses="0" numClasses="0" visitedMethods="1" numMethods="1" />
              <MetadataToken>100663317</MetadataToken>
              <Name>System.Void BudgieUsersRepositoryTests.ARTests::Test_PrintBalance_CallsDatabaseToPrintBalance_AndDisplaysCurrentBalance()</Name>
              <FileRef uid="2" />
              <SequencePoints>
                <SequencePoint vc="1" uspid="243" ordinal="0" offset="0" sl="263" sc="9" el="263" ec="10" bec="0" bev="0" fileid="2" />
                <SequencePoint vc="1" uspid="244" ordinal="1" offset="1" sl="265" sc="13" el="265" ec="52" bec="0" bev="0" fileid="2" />
                <SequencePoint vc="1" uspid="245" ordinal="2" offset="7" sl="267" sc="13" el="267" ec="44" bec="0" bev="0" fileid="2" />
                <SequencePoint vc="1" uspid="246" ordinal="3" offset="85" sl="268" sc="13" el="268" ec="56" bec="0" bev="0" fileid="2" />
                <SequencePoint vc="1" uspid="247" ordinal="4" offset="163" sl="269" sc="13" el="269" ec="51" bec="0" bev="0" fileid="2" />
                <SequencePoint vc="1" uspid="248" ordinal="5" offset="247" sl="271" sc="13" el="271" ec="74" bec="0" bev="0" fileid="2" />
                <SequencePoint vc="1" uspid="249" ordinal="6" offset="276" sl="272" sc="13" el="272" ec="99" bec="0" bev="0" fileid="2" />
                <SequencePoint vc="1" uspid="250" ordinal="7" offset="369" sl="273" sc="13" el="273" ec="103" bec="0" bev="0" fileid="2" />
                <SequencePoint vc="1" uspid="251" ordinal="8" offset="462" sl="274" sc="13" el="274" ec="105" bec="0" bev="0" fileid="2" />
                <SequencePoint vc="1" uspid="252" ordinal="9" offset="555" sl="275" sc="13" el="275" ec="111" bec="0" bev="0" fileid="2" />
                <SequencePoint vc="1" uspid="253" ordinal="10" offset="666" sl="277" sc="13" el="277" ec="59" bec="0" bev="0" fileid="2" />
                <SequencePoint vc="1" uspid="254" ordinal="11" offset="672" sl="278" sc="13" el="278" ec="74" bec="0" bev="0" fileid="2" />
                <SequencePoint vc="1" uspid="255" ordinal="12" offset="760" sl="280" sc="13" el="280" ec="82" bec="0" bev="0" fileid="2" />
                <SequencePoint vc="1" uspid="256" ordinal="13" offset="772" sl="281" sc="13" el="281" ec="64" bec="0" bev="0" fileid="2" />
                <SequencePoint vc="1" uspid="257" ordinal="14" offset="944" sl="282" sc="13" el="282" ec="36" bec="0" bev="0" fileid="2" />
                <SequencePoint vc="1" uspid="258" ordinal="15" offset="953" sl="285" sc="13" el="285" ec="53" bec="0" bev="0" fileid="2" />
                <SequencePoint vc="1" uspid="259" ordinal="16" offset="962" sl="288" sc="13" el="288" ec="46" bec="0" bev="0" fileid="2" />
                <SequencePoint vc="1" uspid="260" ordinal="17" offset="1123" sl="289" sc="13" el="289" ec="47" bec="0" bev="0" fileid="2" />
                <SequencePoint vc="1" uspid="261" ordinal="18" offset="1133" sl="290" sc="9" el="290" ec="10" bec="0" bev="0" fileid="2" />
              </SequencePoints>
              <BranchPoints />
              <MethodPoint xsi:type="SequencePoint" vc="1" uspid="243" ordinal="0" offset="0" sl="263" sc="9" el="263" ec="10" bec="0" bev="0" fileid="2" />
            </Method>
            <Method visited="true" cyclomaticComplexity="1" sequenceCoverage="100" branchCoverage="100" isConstructor="false" isStatic="false" isGetter="false" isSetter="false">
              <Summary numSequencePoints="19" visitedSequencePoints="19" numBranchPoints="1" visitedBranchPoints="1" sequenceCoverage="100" branchCoverage="100" maxCyclomaticComplexity="1" minCyclomaticComplexity="1" visitedClasses="0" numClasses="0" visitedMethods="1" numMethods="1" />
              <MetadataToken>100663318</MetadataToken>
              <Name>System.Void BudgieUsersRepositoryTests.ARTests::Test_PrintBudget_CallsDatabaseToPrintBudget_AndDisplaysCurrentBudget()</Name>
              <FileRef uid="2" />
              <SequencePoints>
                <SequencePoint vc="1" uspid="262" ordinal="0" offset="0" sl="294" sc="9" el="294" ec="10" bec="0" bev="0" fileid="2" />
                <SequencePoint vc="1" uspid="263" ordinal="1" offset="1" sl="296" sc="13" el="296" ec="52" bec="0" bev="0" fileid="2" />
                <SequencePoint vc="1" uspid="264" ordinal="2" offset="7" sl="298" sc="13" el="298" ec="44" bec="0" bev="0" fileid="2" />
                <SequencePoint vc="1" uspid="265" ordinal="3" offset="85" sl="299" sc="13" el="299" ec="56" bec="0" bev="0" fileid="2" />
                <SequencePoint vc="1" uspid="266" ordinal="4" offset="163" sl="300" sc="13" el="300" ec="50" bec="0" bev="0" fileid="2" />
                <SequencePoint vc="1" uspid="267" ordinal="5" offset="247" sl="302" sc="13" el="302" ec="74" bec="0" bev="0" fileid="2" />
                <SequencePoint vc="1" uspid="268" ordinal="6" offset="276" sl="303" sc="13" el="303" ec="99" bec="0" bev="0" fileid="2" />
                <SequencePoint vc="1" uspid="269" ordinal="7" offset="369" sl="304" sc="13" el="304" ec="103" bec="0" bev="0" fileid="2" />
                <SequencePoint vc="1" uspid="270" ordinal="8" offset="462" sl="305" sc="13" el="305" ec="105" bec="0" bev="0" fileid="2" />
                <SequencePoint vc="1" uspid="271" ordinal="9" offset="555" sl="306" sc="13" el="306" ec="111" bec="0" bev="0" fileid="2" />
                <SequencePoint vc="1" uspid="272" ordinal="10" offset="666" sl="308" sc="13" el="308" ec="59" bec="0" bev="0" fileid="2" />
                <SequencePoint vc="1" uspid="273" ordinal="11" offset="672" sl="309" sc="13" el="309" ec="74" bec="0" bev="0" fileid="2" />
                <SequencePoint vc="1" uspid="274" ordinal="12" offset="760" sl="311" sc="13" el="311" ec="82" bec="0" bev="0" fileid="2" />
                <SequencePoint vc="1" uspid="275" ordinal="13" offset="772" sl="312" sc="13" el="312" ec="64" bec="0" bev="0" fileid="2" />
                <SequencePoint vc="1" uspid="276" ordinal="14" offset="944" sl="313" sc="13" el="313" ec="36" bec="0" bev="0" fileid="2" />
                <SequencePoint vc="1" uspid="277" ordinal="15" offset="953" sl="316" sc="13" el="316" ec="52" bec="0" bev="0" fileid="2" />
                <SequencePoint vc="1" uspid="278" ordinal="16" offset="962" sl="319" sc="13" el="319" ec="46" bec="0" bev="0" fileid="2" />
                <SequencePoint vc="1" uspid="279" ordinal="17" offset="1123" sl="320" sc="13" el="320" ec="47" bec="0" bev="0" fileid="2" />
                <SequencePoint vc="1" uspid="280" ordinal="18" offset="1133" sl="321" sc="9" el="321" ec="10" bec="0" bev="0" fileid="2" />
              </SequencePoints>
              <BranchPoints />
              <MethodPoint xsi:type="SequencePoint" vc="1" uspid="262" ordinal="0" offset="0" sl="294" sc="9" el="294" ec="10" bec="0" bev="0" fileid="2" />
            </Method>
            <Method visited="true" cyclomaticComplexity="2" sequenceCoverage="100" branchCoverage="66.67" isConstructor="false" isStatic="false" isGetter="false" isSetter="false">
              <Summary numSequencePoints="19" visitedSequencePoints="19" numBranchPoints="3" visitedBranchPoints="2" sequenceCoverage="100" branchCoverage="66.67" maxCyclomaticComplexity="2" minCyclomaticComplexity="2" visitedClasses="0" numClasses="0" visitedMethods="1" numMethods="1" />
              <MetadataToken>100663319</MetadataToken>
              <Name>System.Void BudgieUsersRepositoryTests.ARTests::Test_SetBudget_CallsDatabaseToSetBudget_AndDIsplaysNewBudget()</Name>
              <FileRef uid="2" />
              <SequencePoints>
                <SequencePoint vc="1" uspid="281" ordinal="0" offset="0" sl="325" sc="9" el="325" ec="10" bec="0" bev="0" fileid="2" />
                <SequencePoint vc="1" uspid="282" ordinal="1" offset="1" sl="327" sc="13" el="327" ec="52" bec="0" bev="0" fileid="2" />
                <SequencePoint vc="1" uspid="283" ordinal="2" offset="7" sl="329" sc="13" el="329" ec="44" bec="0" bev="0" fileid="2" />
                <SequencePoint vc="1" uspid="284" ordinal="3" offset="85" sl="330" sc="13" el="330" ec="56" bec="0" bev="0" fileid="2" />
                <SequencePoint vc="1" uspid="285" ordinal="4" offset="163" sl="331" sc="13" el="331" ec="48" bec="0" bev="0" fileid="2" />
                <SequencePoint vc="1" uspid="286" ordinal="5" offset="246" sl="333" sc="13" el="333" ec="74" bec="0" bev="0" fileid="2" />
                <SequencePoint vc="1" uspid="287" ordinal="6" offset="275" sl="334" sc="13" el="334" ec="99" bec="0" bev="0" fileid="2" />
                <SequencePoint vc="1" uspid="288" ordinal="7" offset="368" sl="335" sc="13" el="335" ec="103" bec="0" bev="0" fileid="2" />
                <SequencePoint vc="1" uspid="289" ordinal="8" offset="461" sl="336" sc="13" el="336" ec="105" bec="0" bev="0" fileid="2" />
                <SequencePoint vc="1" uspid="290" ordinal="9" offset="554" sl="337" sc="13" el="337" ec="111" bec="0" bev="0" fileid="2" />
                <SequencePoint vc="1" uspid="291" ordinal="10" offset="665" sl="339" sc="13" el="339" ec="59" bec="0" bev="0" fileid="2" />
                <SequencePoint vc="1" uspid="292" ordinal="11" offset="671" sl="340" sc="13" el="340" ec="74" bec="0" bev="0" fileid="2" />
                <SequencePoint vc="1" uspid="293" ordinal="12" offset="759" sl="342" sc="13" el="342" ec="82" bec="0" bev="0" fileid="2" />
                <SequencePoint vc="1" uspid="294" ordinal="13" offset="771" sl="343" sc="13" el="343" ec="64" bec="0" bev="0" fileid="2" />
                <SequencePoint vc="1" uspid="295" ordinal="14" offset="943" sl="346" sc="13" el="346" ec="38" bec="0" bev="0" fileid="2" />
                <SequencePoint vc="1" uspid="296" ordinal="15" offset="958" sl="350" sc="13" el="350" ec="46" bec="0" bev="0" fileid="2" />
                <SequencePoint vc="1" uspid="297" ordinal="16" offset="1119" sl="351" sc="13" el="351" ec="59" bec="2" bev="1" fileid="2" />
                <SequencePoint vc="1" uspid="298" ordinal="17" offset="1169" sl="352" sc="13" el="352" ec="66" bec="0" bev="0" fileid="2" />
                <SequencePoint vc="1" uspid="299" ordinal="18" offset="1259" sl="353" sc="9" el="353" ec="10" bec="0" bev="0" fileid="2" />
              </SequencePoints>
              <BranchPoints>
                <BranchPoint vc="1" uspid="300" ordinal="0" offset="1125" sl="351" path="0" offsetend="1127" fileid="2" />
                <BranchPoint vc="0" uspid="301" ordinal="1" offset="1125" sl="351" path="1" offsetend="1146" fileid="2" />
              </BranchPoints>
              <MethodPoint xsi:type="SequencePoint" vc="1" uspid="281" ordinal="0" offset="0" sl="325" sc="9" el="325" ec="10" bec="0" bev="0" fileid="2" />
            </Method>
            <Method visited="true" cyclomaticComplexity="1" sequenceCoverage="0" branchCoverage="0" isConstructor="true" isStatic="false" isGetter="false" isSetter="false">
              <Summary numSequencePoints="0" visitedSequencePoints="0" numBranchPoints="0" visitedBranchPoints="0" sequenceCoverage="0" branchCoverage="0" maxCyclomaticComplexity="1" minCyclomaticComplexity="1" visitedClasses="0" numClasses="0" visitedMethods="0" numMethods="0" />
              <MetadataToken>100663320</MetadataToken>
              <Name>System.Void BudgieUsersRepositoryTests.ARTests::.ctor()</Name>
              <SequencePoints />
              <BranchPoints />
              <MethodPoint vc="10" uspid="302" ordinal="0" offset="0" />
            </Method>
            <Method visited="true" cyclomaticComplexity="1" sequenceCoverage="100" branchCoverage="100" isConstructor="false" isStatic="true" isGetter="false" isSetter="false">
              <Summary numSequencePoints="1" visitedSequencePoints="1" numBranchPoints="1" visitedBranchPoints="1" sequenceCoverage="100" branchCoverage="100" maxCyclomaticComplexity="1" minCyclomaticComplexity="1" visitedClasses="0" numClasses="0" visitedMethods="1" numMethods="1" />
              <MetadataToken>100663321</MetadataToken>
              <Name>System.Void BudgieUsersRepositoryTests.ARTests::&lt;Test_UpdateAccount_RunsUpdateAccountToDatabase_AndSaveChangesOnContext&gt;b__3(BudgieDatabaseLayer.Account)</Name>
              <FileRef uid="2" />
              <SequencePoints>
                <SequencePoint vc="1" uspid="303" ordinal="0" offset="0" sl="101" sc="30" el="101" ec="61" bec="0" bev="0" fileid="2" />
              </SequencePoints>
              <BranchPoints />
              <MethodPoint xsi:type="SequencePoint" vc="1" uspid="303" ordinal="0" offset="0" sl="101" sc="30" el="101" ec="61" bec="0" bev="0" fileid="2" />
            </Method>
            <Method visited="true" cyclomaticComplexity="1" sequenceCoverage="100" branchCoverage="100" isConstructor="false" isStatic="true" isGetter="false" isSetter="false">
              <Summary numSequencePoints="1" visitedSequencePoints="1" numBranchPoints="1" visitedBranchPoints="1" sequenceCoverage="100" branchCoverage="100" maxCyclomaticComplexity="1" minCyclomaticComplexity="1" visitedClasses="0" numClasses="0" visitedMethods="1" numMethods="1" />
              <MetadataToken>100663322</MetadataToken>
              <Name>System.Void BudgieUsersRepositoryTests.ARTests::&lt;Test_UpdateAccount_RunsUpdateAccountToDatabase_AndSaveChangesOnContext&gt;b__4(BudgieDatabaseLayer.Account)</Name>
              <FileRef uid="2" />
              <SequencePoints>
                <SequencePoint vc="1" uspid="304" ordinal="0" offset="0" sl="122" sc="31" el="122" ec="62" bec="0" bev="0" fileid="2" />
              </SequencePoints>
              <BranchPoints />
              <MethodPoint xsi:type="SequencePoint" vc="1" uspid="304" ordinal="0" offset="0" sl="122" sc="31" el="122" ec="62" bec="0" bev="0" fileid="2" />
            </Method>
            <Method visited="true" cyclomaticComplexity="1" sequenceCoverage="100" branchCoverage="100" isConstructor="false" isStatic="true" isGetter="false" isSetter="false">
              <Summary numSequencePoints="1" visitedSequencePoints="1" numBranchPoints="1" visitedBranchPoints="1" sequenceCoverage="100" branchCoverage="100" maxCyclomaticComplexity="1" minCyclomaticComplexity="1" visitedClasses="0" numClasses="0" visitedMethods="1" numMethods="1" />
              <MetadataToken>100663323</MetadataToken>
              <Name>System.Void BudgieUsersRepositoryTests.ARTests::&lt;Test_WithdrawMoney_CallsWithdrawMoneyToDatabase_AndSaveChangesOnContextAfterWithdrawing&gt;b__b(BudgieDatabaseLayer.Account)</Name>
              <FileRef uid="2" />
              <SequencePoints>
                <SequencePoint vc="1" uspid="305" ordinal="0" offset="0" sl="186" sc="31" el="186" ec="44" bec="0" bev="0" fileid="2" />
              </SequencePoints>
              <BranchPoints />
              <MethodPoint xsi:type="SequencePoint" vc="1" uspid="305" ordinal="0" offset="0" sl="186" sc="31" el="186" ec="44" bec="0" bev="0" fileid="2" />
            </Method>
            <Method visited="true" cyclomaticComplexity="1" sequenceCoverage="100" branchCoverage="100" isConstructor="false" isStatic="true" isGetter="false" isSetter="false">
              <Summary numSequencePoints="1" visitedSequencePoints="1" numBranchPoints="1" visitedBranchPoints="1" sequenceCoverage="100" branchCoverage="100" maxCyclomaticComplexity="1" minCyclomaticComplexity="1" visitedClasses="0" numClasses="0" visitedMethods="1" numMethods="1" />
              <MetadataToken>100663324</MetadataToken>
              <Name>System.Void BudgieUsersRepositoryTests.ARTests::&lt;Test_DepositMoney_CallsDepositMoneyToDatabase_AndSaveChangesOnContext&gt;b__e(BudgieDatabaseLayer.Account)</Name>
              <FileRef uid="2" />
              <SequencePoints>
                <SequencePoint vc="1" uspid="306" ordinal="0" offset="0" sl="217" sc="31" el="217" ec="45" bec="0" bev="0" fileid="2" />
              </SequencePoints>
              <BranchPoints />
              <MethodPoint xsi:type="SequencePoint" vc="1" uspid="306" ordinal="0" offset="0" sl="217" sc="31" el="217" ec="45" bec="0" bev="0" fileid="2" />
            </Method>
            <Method visited="true" cyclomaticComplexity="1" sequenceCoverage="100" branchCoverage="100" isConstructor="false" isStatic="true" isGetter="false" isSetter="false">
[...]
              <MetadataToken>100663309</MetadataToken>
              <Name>System.Void BudgieLogic.BudgieUserLogic::.ctor(BudgieDatabaseLayer.BudgieUserRepository,BudgieDatabaseLayer.AccountRepository,BudgieLogic.AccountLogic)</Name>
              <FileRef uid="41" />
              <SequencePoints>
                <SequencePoint vc="0" uspid="937" ordinal="0" offset="0" sl="17" sc="9" el="17" ec="50" bec="0" bev="0" fileid="41" />
                <SequencePoint vc="0" uspid="938" ordinal="1" offset="11" sl="27" sc="9" el="27" ec="138" bec="0" bev="0" fileid="41" />
                <SequencePoint vc="0" uspid="939" ordinal="2" offset="18" sl="28" sc="9" el="28" ec="10" bec="0" bev="0" fileid="41" />
                <SequencePoint vc="0" uspid="940" ordinal="3" offset="19" sl="29" sc="13" el="29" ec="49" bec="0" bev="0" fileid="41" />
                <SequencePoint vc="0" uspid="941" ordinal="4" offset="26" sl="30" sc="13" el="30" ec="43" bec="0" bev="0" fileid="41" />
                <SequencePoint vc="0" uspid="942" ordinal="5" offset="33" sl="31" sc="13" el="31" ec="41" bec="0" bev="0" fileid="41" />
                <SequencePoint vc="0" uspid="943" ordinal="6" offset="40" sl="32" sc="13" el="32" ec="55" bec="0" bev="0" fileid="41" />
                <SequencePoint vc="0" uspid="944" ordinal="7" offset="57" sl="33" sc="9" el="33" ec="10" bec="0" bev="0" fileid="41" />
              </SequencePoints>
              <BranchPoints />
              <MethodPoint xsi:type="SequencePoint" vc="0" uspid="937" ordinal="0" offset="0" sl="17" sc="9" el="17" ec="50" bec="0" bev="0" fileid="41" />
            </Method>
            <Method visited="false" cyclomaticComplexity="1" sequenceCoverage="0" branchCoverage="0" isConstructor="true" isStatic="false" isGetter="false" isSetter="false">
              <Summary numSequencePoints="6" visitedSequencePoints="0" numBranchPoints="1" visitedBranchPoints="0" sequenceCoverage="0" branchCoverage="0" maxCyclomaticComplexity="1" minCyclomaticComplexity="1" visitedClasses="0" numClasses="0" visitedMethods="0" numMethods="1" />
              <MetadataToken>100663310</MetadataToken>
              <Name>System.Void BudgieLogic.BudgieUserLogic::.ctor(BudgieDatabaseLayer.BudgieUserRepository,BudgieDatabaseLayer.AccountRepository)</Name>
              <FileRef uid="41" />
              <SequencePoints>
                <SequencePoint vc="0" uspid="945" ordinal="0" offset="0" sl="17" sc="9" el="17" ec="50" bec="0" bev="0" fileid="41" />
                <SequencePoint vc="0" uspid="946" ordinal="1" offset="11" sl="35" sc="9" el="35" ec="93" bec="0" bev="0" fileid="41" />
                <SequencePoint vc="0" uspid="947" ordinal="2" offset="18" sl="36" sc="9" el="36" ec="10" bec="0" bev="0" fileid="41" />
                <SequencePoint vc="0" uspid="948" ordinal="3" offset="19" sl="38" sc="13" el="38" ec="38" bec="0" bev="0" fileid="41" />
                <SequencePoint vc="0" uspid="949" ordinal="4" offset="26" sl="39" sc="13" el="39" ec="44" bec="0" bev="0" fileid="41" />
                <SequencePoint vc="0" uspid="950" ordinal="5" offset="33" sl="40" sc="9" el="40" ec="10" bec="0" bev="0" fileid="41" />
              </SequencePoints>
              <BranchPoints />
              <MethodPoint xsi:type="SequencePoint" vc="0" uspid="945" ordinal="0" offset="0" sl="17" sc="9" el="17" ec="50" bec="0" bev="0" fileid="41" />
            </Method>
            <Method visited="false" cyclomaticComplexity="1" sequenceCoverage="0" branchCoverage="0" isConstructor="true" isStatic="false" isGetter="false" isSetter="false">
              <Summary numSequencePoints="5" visitedSequencePoints="0" numBranchPoints="1" visitedBranchPoints="0" sequenceCoverage="0" branchCoverage="0" maxCyclomaticComplexity="1" minCyclomaticComplexity="1" visitedClasses="0" numClasses="0" visitedMethods="0" numMethods="1" />
              <MetadataToken>100663311</MetadataToken>
              <Name>System.Void BudgieLogic.BudgieUserLogic::.ctor(BudgieDatabaseLayer.BudgieUserRepository)</Name>
              <FileRef uid="41" />
              <SequencePoints>
                <SequencePoint vc="0" uspid="951" ordinal="0" offset="0" sl="17" sc="9" el="17" ec="50" bec="0" bev="0" fileid="41" />
                <SequencePoint vc="0" uspid="952" ordinal="1" offset="11" sl="42" sc="9" el="42" ec="74" bec="0" bev="0" fileid="41" />
                <SequencePoint vc="0" uspid="953" ordinal="2" offset="18" sl="43" sc="9" el="43" ec="10" bec="0" bev="0" fileid="41" />
                <SequencePoint vc="0" uspid="954" ordinal="3" offset="19" sl="45" sc="13" el="45" ec="62" bec="0" bev="0" fileid="41" />
                <SequencePoint vc="0" uspid="955" ordinal="4" offset="26" sl="46" sc="9" el="46" ec="10" bec="0" bev="0" fileid="41" />
              </SequencePoints>
              <BranchPoints />
              <MethodPoint xsi:type="SequencePoint" vc="0" uspid="951" ordinal="0" offset="0" sl="17" sc="9" el="17" ec="50" bec="0" bev="0" fileid="41" />
            </Method>
            <Method visited="false" cyclomaticComplexity="3" sequenceCoverage="0" branchCoverage="0" isConstructor="false" isStatic="false" isGetter="false" isSetter="false">
              <Summary numSequencePoints="13" visitedSequencePoints="0" numBranchPoints="5" visitedBranchPoints="0" sequenceCoverage="0" branchCoverage="0" maxCyclomaticComplexity="3" minCyclomaticComplexity="3" visitedClasses="0" numClasses="0" visitedMethods="0" numMethods="1" />
              <MetadataToken>100663312</MetadataToken>
              <Name>System.Boolean BudgieLogic.BudgieUserLogic::CheckForDuplicateEmail(System.String)</Name>
              <FileRef uid="41" />
              <SequencePoints>
                <SequencePoint vc="0" uspid="956" ordinal="0" offset="0" sl="50" sc="9" el="50" ec="10" bec="0" bev="0" fileid="41" />
                <SequencePoint vc="0" uspid="957" ordinal="1" offset="1" sl="51" sc="13" el="51" ec="77" bec="0" bev="0" fileid="41" />
                <SequencePoint vc="0" uspid="958" ordinal="2" offset="13" sl="53" sc="13" el="53" ec="20" bec="0" bev="0" fileid="41" />
                <SequencePoint vc="0" uspid="959" ordinal="3" offset="14" sl="53" sc="34" el="53" ec="45" bec="0" bev="0" fileid="41" />
                <SequencePoint vc="0" uspid="960" ordinal="4" offset="23" sl="53" sc="22" el="53" ec="30" bec="0" bev="0" fileid="41" />
                <SequencePoint vc="0" uspid="961" ordinal="5" offset="31" sl="54" sc="13" el="54" ec="14" bec="0" bev="0" fileid="41" />
                <SequencePoint vc="0" uspid="962" ordinal="6" offset="32" sl="55" sc="17" el="55" ec="55" bec="2" bev="0" fileid="41" />
                <SequencePoint vc="0" uspid="963" ordinal="7" offset="53" sl="56" sc="17" el="56" ec="18" bec="0" bev="0" fileid="41" />
                <SequencePoint vc="0" uspid="964" ordinal="8" offset="54" sl="57" sc="21" el="57" ec="33" bec="0" bev="0" fileid="41" />
                <SequencePoint vc="0" uspid="965" ordinal="9" offset="58" sl="59" sc="13" el="59" ec="14" bec="0" bev="0" fileid="41" />
                <SequencePoint vc="0" uspid="966" ordinal="10" offset="59" sl="53" sc="31" el="53" ec="33" bec="2" bev="0" fileid="41" />
                <SequencePoint vc="0" uspid="967" ordinal="11" offset="90" sl="60" sc="13" el="60" ec="26" bec="0" bev="0" fileid="41" />
                <SequencePoint vc="0" uspid="968" ordinal="12" offset="95" sl="61" sc="9" el="61" ec="10" bec="0" bev="0" fileid="41" />
              </SequencePoints>
              <BranchPoints>
                <BranchPoint vc="0" uspid="969" ordinal="0" offset="51" sl="55" path="0" offsetend="53" fileid="41" />
                <BranchPoint vc="0" uspid="970" ordinal="1" offset="51" sl="55" path="1" offsetend="58" fileid="41" />
                <BranchPoint vc="0" uspid="971" ordinal="2" offset="70" sl="53" path="0" offsetend="72" fileid="41" />
                <BranchPoint vc="0" uspid="972" ordinal="3" offset="70" sl="53" path="1" offsetend="23" fileid="41" />
              </BranchPoints>
              <MethodPoint xsi:type="SequencePoint" vc="0" uspid="956" ordinal="0" offset="0" sl="50" sc="9" el="50" ec="10" bec="0" bev="0" fileid="41" />
            </Method>
            <Method visited="false" cyclomaticComplexity="1" sequenceCoverage="0" branchCoverage="0" isConstructor="false" isStatic="false" isGetter="false" isSetter="false">
              <Summary numSequencePoints="6" visitedSequencePoints="0" numBranchPoints="1" visitedBranchPoints="0" sequenceCoverage="0" branchCoverage="0" maxCyclomaticComplexity="1" minCyclomaticComplexity="1" visitedClasses="0" numClasses="0" visitedMethods="0" numMethods="1" />
              <MetadataToken>100663313</MetadataToken>
              <Name>System.Void BudgieLogic.BudgieUserLogic::RegisterUser(BudgieDatabaseLayer.BudgieUser)</Name>
              <FileRef uid="41" />
              <SequencePoints>
                <SequencePoint vc="0" uspid="973" ordinal="0" offset="0" sl="64" sc="9" el="64" ec="10" bec="0" bev="0" fileid="41" />
                <SequencePoint vc="0" uspid="974" ordinal="1" offset="1" sl="65" sc="13" el="65" ec="39" bec="0" bev="0" fileid="41" />
                <SequencePoint vc="0" uspid="975" ordinal="2" offset="13" sl="67" sc="13" el="67" ec="55" bec="0" bev="0" fileid="41" />
                <SequencePoint vc="0" uspid="976" ordinal="3" offset="26" sl="69" sc="13" el="69" ec="162" bec="0" bev="0" fileid="41" />
                <SequencePoint vc="0" uspid="977" ordinal="4" offset="97" sl="71" sc="13" el="71" ec="49" bec="0" bev="0" fileid="41" />
                <SequencePoint vc="0" uspid="978" ordinal="5" offset="110" sl="72" sc="9" el="72" ec="10" bec="0" bev="0" fileid="41" />
              </SequencePoints>
              <BranchPoints />
              <MethodPoint xsi:type="SequencePoint" vc="0" uspid="973" ordinal="0" offset="0" sl="64" sc="9" el="64" ec="10" bec="0" bev="0" fileid="41" />
            </Method>
            <Method visited="false" cyclomaticComplexity="3" sequenceCoverage="0" branchCoverage="0" isConstructor="false" isStatic="false" isGetter="false" isSetter="false">
              <Summary numSequencePoints="15" visitedSequencePoints="0" numBranchPoints="5" visitedBranchPoints="0" sequenceCoverage="0" branchCoverage="0" maxCyclomaticComplexity="3" minCyclomaticComplexity="3" visitedClasses="0" numClasses="0" visitedMethods="0" numMethods="1" />
              <MetadataToken>100663314</MetadataToken>
              <Name>System.Void BudgieLogic.BudgieUserLogic::UpdateUser(BudgieDatabaseLayer.BudgieUser)</Name>
              <FileRef uid="41" />
              <SequencePoints>
                <SequencePoint vc="0" uspid="979" ordinal="0" offset="0" sl="75" sc="9" el="75" ec="10" bec="0" bev="0" fileid="41" />
                <SequencePoint vc="0" uspid="980" ordinal="1" offset="1" sl="76" sc="13" el="76" ec="30" bec="0" bev="0" fileid="41" />
                <SequencePoint vc="0" uspid="981" ordinal="2" offset="3" sl="78" sc="13" el="78" ec="20" bec="0" bev="0" fileid="41" />
                <SequencePoint vc="0" uspid="982" ordinal="3" offset="4" sl="78" sc="39" el="78" ec="45" bec="0" bev="0" fileid="41" />
                <SequencePoint vc="0" uspid="983" ordinal="4" offset="18" sl="78" sc="22" el="78" ec="35" bec="0" bev="0" fileid="41" />
                <SequencePoint vc="0" uspid="984" ordinal="5" offset="26" sl="79" sc="13" el="79" ec="14" bec="0" bev="0" fileid="41" />
                <SequencePoint vc="0" uspid="985" ordinal="6" offset="27" sl="80" sc="17" el="80" ec="64" bec="2" bev="0" fileid="41" />
                <SequencePoint vc="0" uspid="986" ordinal="7" offset="51" sl="81" sc="17" el="81" ec="18" bec="0" bev="0" fileid="41" />
                <SequencePoint vc="0" uspid="987" ordinal="8" offset="52" sl="82" sc="21" el="82" ec="38" bec="0" bev="0" fileid="41" />
                <SequencePoint vc="0" uspid="988" ordinal="9" offset="59" sl="83" sc="17" el="83" ec="18" bec="0" bev="0" fileid="41" />
                <SequencePoint vc="0" uspid="989" ordinal="10" offset="60" sl="84" sc="13" el="84" ec="14" bec="0" bev="0" fileid="41" />
                <SequencePoint vc="0" uspid="990" ordinal="11" offset="61" sl="78" sc="36" el="78" ec="38" bec="2" bev="0" fileid="41" />
                <SequencePoint vc="0" uspid="991" ordinal="12" offset="90" sl="86" sc="13" el="86" ec="112" bec="0" bev="0" fileid="41" />
                <SequencePoint vc="0" uspid="992" ordinal="13" offset="121" sl="87" sc="13" el="87" ec="90" bec="0" bev="0" fileid="41" />
                <SequencePoint vc="0" uspid="993" ordinal="14" offset="146" sl="88" sc="9" el="88" ec="10" bec="0" bev="0" fileid="41" />
              </SequencePoints>
              <BranchPoints>
                <BranchPoint vc="0" uspid="994" ordinal="0" offset="49" sl="80" path="0" offsetend="51" fileid="41" />
                <BranchPoint vc="0" uspid="995" ordinal="1" offset="49" sl="80" path="1" offsetend="60" fileid="41" />
                <BranchPoint vc="0" uspid="996" ordinal="2" offset="70" sl="78" path="0" offsetend="72" fileid="41" />
                <BranchPoint vc="0" uspid="997" ordinal="3" offset="70" sl="78" path="1" offsetend="18" fileid="41" />
              </BranchPoints>
              <MethodPoint xsi:type="SequencePoint" vc="0" uspid="979" ordinal="0" offset="0" sl="75" sc="9" el="75" ec="10" bec="0" bev="0" fileid="41" />
            </Method>
            <Method visited="false" cyclomaticComplexity="3" sequenceCoverage="0" branchCoverage="0" isConstructor="false" isStatic="false" isGetter="false" isSetter="false">
              <Summary numSequencePoints="14" visitedSequencePoints="0" numBranchPoints="5" visitedBranchPoints="0" sequenceCoverage="0" branchCoverage="0" maxCyclomaticComplexity="3" minCyclomaticComplexity="3" visitedClasses="0" numClasses="0" visitedMethods="0" numMethods="1" />
              <MetadataToken>100663315</MetadataToken>
              <Name>System.Void BudgieLogic.BudgieUserLogic::RemoveUser(BudgieDatabaseLayer.BudgieUser)</Name>
              <FileRef uid="41" />
              <SequencePoints>
                <SequencePoint vc="0" uspid="998" ordinal="0" offset="0" sl="91" sc="9" el="91" ec="10" bec="0" bev="0" fileid="41" />
                <SequencePoint vc="0" uspid="999" ordinal="1" offset="1" sl="92" sc="13" el="92" ec="24" bec="0" bev="0" fileid="41" />
                <SequencePoint vc="0" uspid="1000" ordinal="2" offset="3" sl="94" sc="13" el="94" ec="20" bec="0" bev="0" fileid="41" />
                <SequencePoint vc="0" uspid="1001" ordinal="3" offset="4" sl="94" sc="39" el="94" ec="45" bec="0" bev="0" fileid="41" />
                <SequencePoint vc="0" uspid="1002" ordinal="4" offset="18" sl="94" sc="22" el="94" ec="35" bec="0" bev="0" fileid="41" />
                <SequencePoint vc="0" uspid="1003" ordinal="5" offset="26" sl="95" sc="13" el="95" ec="14" bec="0" bev="0" fileid="41" />
                <SequencePoint vc="0" uspid="1004" ordinal="6" offset="27" sl="96" sc="17" el="96" ec="64" bec="2" bev="0" fileid="41" />
                <SequencePoint vc="0" uspid="1005" ordinal="7" offset="51" sl="97" sc="17" el="97" ec="18" bec="0" bev="0" fileid="41" />
                <SequencePoint vc="0" uspid="1006" ordinal="8" offset="52" sl="98" sc="21" el="98" ec="32" bec="0" bev="0" fileid="41" />
                <SequencePoint vc="0" uspid="1007" ordinal="9" offset="59" sl="99" sc="17" el="99" ec="18" bec="0" bev="0" fileid="41" />
                <SequencePoint vc="0" uspid="1008" ordinal="10" offset="60" sl="100" sc="13" el="100" ec="14" bec="0" bev="0" fileid="41" />
                <SequencePoint vc="0" uspid="1009" ordinal="11" offset="61" sl="94" sc="36" el="94" ec="38" bec="2" bev="0" fileid="41" />
                <SequencePoint vc="0" uspid="1010" ordinal="12" offset="90" sl="101" sc="13" el="101" ec="47" bec="0" bev="0" fileid="41" />
                <SequencePoint vc="0" uspid="1011" ordinal="13" offset="103" sl="102" sc="9" el="102" ec="10" bec="0" bev="0" fileid="41" />
              </SequencePoints>
              <BranchPoints>
                <BranchPoint vc="0" uspid="1012" ordinal="0" offset="49" sl="96" path="0" offsetend="51" fileid="41" />
                <BranchPoint vc="0" uspid="1013" ordinal="1" offset="49" sl="96" path="1" offsetend="60" fileid="41" />
                <BranchPoint vc="0" uspid="1014" ordinal="2" offset="70" sl="94" path="0" offsetend="72" fileid="41" />
                <BranchPoint vc="0" uspid="1015" ordinal="3" offset="70" sl="94" path="1" offsetend="18" fileid="41" />
              </BranchPoints>
              <MethodPoint xsi:type="SequencePoint" vc="0" uspid="998" ordinal="0" offset="0" sl="91" sc="9" el="91" ec="10" bec="0" bev="0" fileid="41" />
            </Method>
            <Method visited="false" cyclomaticComplexity="1" sequenceCoverage="0" branchCoverage="0" isConstructor="true" isStatic="true" isGetter="false" isSetter="false">
              <Summary numSequencePoints="1" visitedSequencePoints="0" numBranchPoints="1" visitedBranchPoints="0" sequenceCoverage="0" branchCoverage="0" maxCyclomaticComplexity="1" minCyclomaticComplexity="1" visitedClasses="0" numClasses="0" visitedMethods="0" numMethods="1" />
              <MetadataToken>100663316</MetadataToken>
              <Name>System.Void BudgieLogic.BudgieUserLogic::.cctor()</Name>
              <FileRef uid="41" />
              <SequencePoints>
                <SequencePoint vc="0" uspid="1016" ordinal="0" offset="0" sl="15" sc="9" el="15" ec="88" bec="0" bev="0" fileid="41" />
              </SequencePoints>
              <BranchPoints />
              <MethodPoint xsi:type="SequencePoint" vc="0" uspid="1016" ordinal="0" offset="0" sl="15" sc="9" el="15" ec="88" bec="0" bev="0" fileid="41" />
            </Method>
          </Methods>
        </Class>
      </Classes>
    </Module>
    <Module skippedDueTo="MissingPdb" hash="C2-C1-8F-47-58-BB-5C-12-6A-16-A6-86-AB-70-8D-11-49-3A-AA-64">
      <FullName>C:\Windows\assembly\GAC_MSIL\Microsoft.VisualStudio.QualityTools.AgentObject\12.0.0.0__b03f5f7f11d50a3a\Microsoft.VisualStudio.QualityTools.AgentObject.dll</FullName>
      <ModuleName>Microsoft.VisualStudio.QualityTools.AgentObject</ModuleName>
      <Classes />
    </Module>
    <Module skippedDueTo="MissingPdb" hash="5D-4B-76-CA-B8-70-4D-26-A3-95-E9-EB-A9-4B-C4-42-8D-66-57-63">
      <FullName>C:\Windows\assembly\GAC_MSIL\Microsoft.VisualStudio.QualityTools.Tips.UnitTest.Adapter\12.0.0.0__b03f5f7f11d50a3a\Microsoft.VisualStudio.QualityTools.Tips.UnitTest.Adapter.dll</FullName>
      <ModuleName>Microsoft.VisualStudio.QualityTools.Tips.UnitTest.Adapter</ModuleName>
      <Classes />
    </Module>
    <Module skippedDueTo="MissingPdb" hash="0A-A0-DC-01-61-10-0A-48-54-72-D3-CE-90-5B-C6-1C-EC-93-BC-BF">
      <FullName>C:\Program Files (x86)\Microsoft Visual Studio 12.0\Common7\IDE\PrivateAssemblies\Microsoft.VisualStudio.Enterprise.AspNetHelper.dll</FullName>
      <ModuleName>Microsoft.VisualStudio.Enterprise.AspNetHelper</ModuleName>
      <Classes />
    </Module>
    <Module skippedDueTo="MissingPdb" hash="">
      <FullName>RefEmit_InMemoryManifestModule</FullName>
      <ModuleName>Anonymously Hosted DynamicMethods Assembly</ModuleName>
      <Classes />
    </Module>
    <Module skippedDueTo="MissingPdb" hash="4C-C8-46-ED-D6-9A-AC-12-E1-88-9C-10-62-C2-5E-B3-0B-57-11-4F">
      <FullName>C:\Program Files (x86)\Microsoft Visual Studio 12.0\Common7\IDE\EntityFramework.SqlServer.dll</FullName>
      <ModuleName>EntityFramework.SqlServer</ModuleName>
      <Classes />
    </Module>
  </Modules>
</CoverageSession>